# JRE version: OpenJDK Runtime Environment Temurin-25+36 (25.0+36) (build 25+36-LTS)
# Java VM: OpenJDK 64-Bit Server VM Temurin-25+36 (25+36-LTS, mixed mode, sharing, tiered, compressed oops, compressed class ptrs, parallel gc, windows-amd64)
GC Precious Log:
 CardTable entry size: 512
 CPUs: 4 total, 4 available
 Memory: 12111M
 Large Page Support: Disabled
 NUMA Support: Disabled
 Compressed Oops: Enabled (32-bit)
 Alignments: Space 512K, Generation 512K, Heap 2M
 Heap Min Capacity: 100M
 Heap Initial Capacity: 100M
 Heap Max Capacity: 2G
 Pre-touch: Disabled
 Parallel Workers: 4
Heap:
 PSYoungGen      total 25088K, used 6506K [0x00000000d5580000, 0x00000000d7d00000, 0x0000000100000000)
  eden space 24064K, 24% used [0x00000000d5580000,0x00000000d5b2fbe8,0x00000000d6d00000)
  from space 1024K, 66% used [0x00000000d7c00000,0x00000000d7caaf10,0x00000000d7d00000)
  to   space 5632K, 0% used [0x00000000d7200000,0x00000000d7200000,0x00000000d7780000)
 ParOldGen       total 1252864K, used 1252486K [0x0000000080000000, 0x00000000cc780000, 0x00000000d5580000)
  object space 1252864K, 99% used [0x0000000080000000,0x00000000cc721b08,0x00000000cc780000)
GC Heap Usage History (20 events):
Event: 5631.351 {heap Before GC invocations=1793 (full 7):
 PSYoungGen      total 32768K, used 32128K [0x00000000d5580000, 0x00000000d7680000, 0x0000000100000000)
  eden space 31232K, 100% used [0x00000000d5580000,0x00000000d7400000,0x00000000d7400000)
  from space 1536K, 58% used [0x00000000d7500000,0x00000000d75e0000,0x00000000d7680000)
  to   space 1024K, 0% used [0x00000000d7400000,0x00000000d7400000,0x00000000d7500000)
 ParOldGen       total 1186816K, used 1186794K [0x0000000080000000, 0x00000000c8700000, 0x00000000dEvent: 5631.354 {heap After GC invocations=1793 (full 7):
 PSYoungGen      total 31744K, used 1012K [0x00000000d5580000, 0x00000000d7980000, 0x0000000100000000)
  eden space 30720K, 0% used [0x00000000d5580000,0x00000000d5580000,0x00000000d7380000)
  from space 1024K, 98% used [0x00000000d7400000,0x00000000d74fd220,0x00000000d7500000)
  to   space 3072K, 0% used [0x00000000d7680000,0x00000000d7680000,0x00000000d7980000)
 ParOldGen       total 1188352K, used 1188237K [0x0000000080000000, 0x00000000c8880000, 0x00000000d5580Event: 5631.817 {heap Before GC invocations=1794 (full 7):
 PSYoungGen      total 31744K, used 31732K [0x00000000d5580000, 0x00000000d7980000, 0x0000000100000000)
  eden space 30720K, 100% used [0x00000000d5580000,0x00000000d7380000,0x00000000d7380000)
  from space 1024K, 98% used [0x00000000d7400000,0x00000000d74fd220,0x00000000d7500000)
  to   space 3072K, 0% used [0x00000000d7680000,0x00000000d7680000,0x00000000d7980000)
 ParOldGen       total 1188352K, used 1188237K [0x0000000080000000, 0x00000000c8880000, 0x00000000dEvent: 5631.820 {heap After GC invocations=1794 (full 7):
 PSYoungGen      total 32768K, used 948K [0x00000000d5580000, 0x00000000d7780000, 0x0000000100000000)
  eden space 31744K, 0% used [0x00000000d5580000,0x00000000d5580000,0x00000000d7480000)
  from space 1024K, 92% used [0x00000000d7680000,0x00000000d776d200,0x00000000d7780000)
  to   space 1536K, 0% used [0x00000000d7480000,0x00000000d7480000,0x00000000d7600000)
 ParOldGen       total 1189376K, used 1189262K [0x0000000080000000, 0x00000000c8980000, 0x00000000d55800Event: 5631.942 {heap Before GC invocations=1795 (full 7):
 PSYoungGen      total 32768K, used 32692K [0x00000000d5580000, 0x00000000d7780000, 0x0000000100000000)
  eden space 31744K, 100% used [0x00000000d5580000,0x00000000d7480000,0x00000000d7480000)
  from space 1024K, 92% used [0x00000000d7680000,0x00000000d776d200,0x00000000d7780000)
  to   space 1536K, 0% used [0x00000000d7480000,0x00000000d7480000,0x00000000d7600000)
 ParOldGen       total 1189376K, used 1189262K [0x0000000080000000, 0x00000000c8980000, 0x00000000dEvent: 5631.954 {heap After GC invocations=1795 (full 7):
 PSYoungGen      total 32768K, used 1530K [0x00000000d5580000, 0x00000000da800000, 0x0000000100000000)
  eden space 31232K, 0% used [0x00000000d5580000,0x00000000d5580000,0x00000000d7400000)
  from space 1536K, 99% used [0x00000000d7480000,0x00000000d75fe9a0,0x00000000d7600000)
  to   space 26624K, 0% used [0x00000000d8e00000,0x00000000d8e00000,0x00000000da800000)
 ParOldGen       total 1210880K, used 1210508K [0x0000000080000000, 0x00000000c9e80000, 0x00000000d558Event: 5632.054 {heap Before GC invocations=1796 (full 7):
 PSYoungGen      total 32768K, used 30301K [0x00000000d5580000, 0x00000000da800000, 0x0000000100000000)
  eden space 31232K, 92% used [0x00000000d5580000,0x00000000d7198da8,0x00000000d7400000)
  from space 1536K, 99% used [0x00000000d7480000,0x00000000d75fe9a0,0x00000000d7600000)
  to   space 26624K, 0% used [0x00000000d8e00000,0x00000000d8e00000,0x00000000da800000)
 ParOldGen       total 1210880K, used 1210508K [0x0000000080000000, 0x00000000c9e80000, 0x00000000dEvent: 5632.062 {heap After GC invocations=1796 (full 7):
 PSYoungGen      total 44544K, used 13768K [0x00000000d5580000, 0x00000000d9b80000, 0x0000000100000000)
  eden space 30720K, 0% used [0x00000000d5580000,0x00000000d5580000,0x00000000d7380000)
  from space 13824K, 99% used [0x00000000d8e00000,0x00000000d9b72010,0x00000000d9b80000)
  to   space 16896K, 0% used [0x00000000d7a80000,0x00000000d7a80000,0x00000000d8b00000)
 ParOldGen       total 1210880K, used 1210564K [0x0000000080000000, 0x00000000c9e80000, 0x00000000d5Event: 5632.101 {heap Before GC invocations=1797 (full 7):
 PSYoungGen      total 44544K, used 44488K [0x00000000d5580000, 0x00000000d9b80000, 0x0000000100000000)
  eden space 30720K, 100% used [0x00000000d5580000,0x00000000d7380000,0x00000000d7380000)
  from space 13824K, 99% used [0x00000000d8e00000,0x00000000d9b72010,0x00000000d9b80000)
  to   space 16896K, 0% used [0x00000000d7a80000,0x00000000d7a80000,0x00000000d8b00000)
 ParOldGen       total 1210880K, used 1210564K [0x0000000080000000, 0x00000000c9e80000, 0x0000000Event: 5632.108 {heap After GC invocations=1797 (full 7):
 PSYoungGen      total 37376K, used 6734K [0x00000000d5580000, 0x00000000d8e80000, 0x0000000100000000)
  eden space 30208K, 0% used [0x00000000d5580000,0x00000000d5580000,0x00000000d7300000)
  from space 7168K, 93% used [0x00000000d7a80000,0x00000000d8113a00,0x00000000d8180000)
  to   space 10240K, 0% used [0x00000000d8480000,0x00000000d8480000,0x00000000d8e80000)
 ParOldGen       total 1212928K, used 1212482K [0x0000000080000000, 0x00000000ca080000, 0x00000000d558Event: 5632.839 {heap Before GC invocations=1798 (full 7):
 PSYoungGen      total 37376K, used 36942K [0x00000000d5580000, 0x00000000d8e80000, 0x0000000100000000)
  eden space 30208K, 100% used [0x00000000d5580000,0x00000000d7300000,0x00000000d7300000)
  from space 7168K, 93% used [0x00000000d7a80000,0x00000000d8113a00,0x00000000d8180000)
  to   space 10240K, 0% used [0x00000000d8480000,0x00000000d8480000,0x00000000d8e80000)
 ParOldGen       total 1212928K, used 1212482K [0x0000000080000000, 0x00000000ca080000, 0x00000000Event: 5632.847 {heap After GC invocations=1798 (full 7):
 PSYoungGen      total 34816K, used 5028K [0x00000000d5580000, 0x00000000d8980000, 0x0000000100000000)
  eden space 29696K, 0% used [0x00000000d5580000,0x00000000d5580000,0x00000000d7280000)
  from space 5120K, 98% used [0x00000000d8480000,0x00000000d8969210,0x00000000d8980000)
  to   space 6656K, 0% used [0x00000000d7c80000,0x00000000d7c80000,0x00000000d8300000)
 ParOldGen       total 1219584K, used 1219184K [0x0000000080000000, 0x00000000ca700000, 0x00000000d5580Event: 5692.482 {heap Before GC invocations=1799 (full 7):
 PSYoungGen      total 34816K, used 34716K [0x00000000d5580000, 0x00000000d8980000, 0x0000000100000000)
  eden space 29696K, 99% used [0x00000000d5580000,0x00000000d727e010,0x00000000d7280000)
  from space 5120K, 98% used [0x00000000d8480000,0x00000000d8969210,0x00000000d8980000)
  to   space 6656K, 0% used [0x00000000d7c80000,0x00000000d7c80000,0x00000000d8300000)
 ParOldGen       total 1219584K, used 1219184K [0x0000000080000000, 0x00000000ca700000, 0x00000000d5Event: 5692.486 {heap After GC invocations=1799 (full 7):
 PSYoungGen      total 29696K, used 96K [0x00000000d5580000, 0x00000000d8500000, 0x0000000100000000)
  eden space 29184K, 0% used [0x00000000d5580000,0x00000000d5580000,0x00000000d7200000)
  from space 512K, 18% used [0x00000000d7c80000,0x00000000d7c98000,0x00000000d7d00000)
  to   space 2560K, 0% used [0x00000000d8280000,0x00000000d8280000,0x00000000d8500000)
 ParOldGen       total 1224192K, used 1223748K [0x0000000080000000, 0x00000000cab80000, 0x00000000d5580000Event: 5692.818 {heap Before GC invocations=1800 (full 7):
 PSYoungGen      total 29696K, used 29280K [0x00000000d5580000, 0x00000000d8500000, 0x0000000100000000)
  eden space 29184K, 100% used [0x00000000d5580000,0x00000000d7200000,0x00000000d7200000)
  from space 512K, 18% used [0x00000000d7c80000,0x00000000d7c98000,0x00000000d7d00000)
  to   space 2560K, 0% used [0x00000000d8280000,0x00000000d8280000,0x00000000d8500000)
 ParOldGen       total 1224192K, used 1223748K [0x0000000080000000, 0x00000000cab80000, 0x00000000d5Event: 5692.829 {heap After GC invocations=1800 (full 7):
 PSYoungGen      total 27648K, used 2556K [0x00000000d5580000, 0x00000000d9a80000, 0x0000000100000000)
  eden space 25088K, 0% used [0x00000000d5580000,0x00000000d5580000,0x00000000d6e00000)
  from space 2560K, 99% used [0x00000000d8280000,0x00000000d84ff078,0x00000000d8500000)
  to   space 20992K, 0% used [0x00000000d6e00000,0x00000000d6e00000,0x00000000d8280000)
 ParOldGen       total 1239040K, used 1238982K [0x0000000080000000, 0x00000000cba00000, 0x00000000d558Event: 5693.735 {heap Before GC invocations=1801 (full 7):
 PSYoungGen      total 27648K, used 27644K [0x00000000d5580000, 0x00000000d9a80000, 0x0000000100000000)
  eden space 25088K, 100% used [0x00000000d5580000,0x00000000d6e00000,0x00000000d6e00000)
  from space 2560K, 99% used [0x00000000d8280000,0x00000000d84ff078,0x00000000d8500000)
  to   space 20992K, 0% used [0x00000000d6e00000,0x00000000d6e00000,0x00000000d8280000)
 ParOldGen       total 1239040K, used 1238982K [0x0000000080000000, 0x00000000cba00000, 0x00000000Event: 5693.743 {heap After GC invocations=1801 (full 7):
 PSYoungGen      total 37888K, used 12936K [0x00000000d5580000, 0x00000000d8a80000, 0x0000000100000000)
  eden space 24576K, 0% used [0x00000000d5580000,0x00000000d5580000,0x00000000d6d80000)
  from space 13312K, 97% used [0x00000000d6e00000,0x00000000d7aa2000,0x00000000d7b00000)
  to   space 14848K, 0% used [0x00000000d7c00000,0x00000000d7c00000,0x00000000d8a80000)
 ParOldGen       total 1240064K, used 1239574K [0x0000000080000000, 0x00000000cbb00000, 0x00000000d5Event: 5693.785 {heap Before GC invocations=1802 (full 7):
 PSYoungGen      total 37888K, used 37512K [0x00000000d5580000, 0x00000000d8a80000, 0x0000000100000000)
  eden space 24576K, 100% used [0x00000000d5580000,0x00000000d6d80000,0x00000000d6d80000)
  from space 13312K, 97% used [0x00000000d6e00000,0x00000000d7aa2000,0x00000000d7b00000)
  to   space 14848K, 0% used [0x00000000d7c00000,0x00000000d7c00000,0x00000000d8a80000)
 ParOldGen       total 1240064K, used 1239574K [0x0000000080000000, 0x00000000cbb00000, 0x0000000Event: 5693.794 {heap After GC invocations=1802 (full 7):
 PSYoungGen      total 25088K, used 683K [0x00000000d5580000, 0x00000000d7d00000, 0x0000000100000000)
  eden space 24064K, 0% used [0x00000000d5580000,0x00000000d5580000,0x00000000d6d00000)
  from space 1024K, 66% used [0x00000000d7c00000,0x00000000d7caaf10,0x00000000d7d00000)
  to   space 5632K, 0% used [0x00000000d7200000,0x00000000d7200000,0x00000000d7780000)
 ParOldGen       total 1252864K, used 1252486K [0x0000000080000000, 0x00000000cc780000, 0x00000000d55800
Metaspace Usage History (20 events):
Event: 5631.351 {metaspace Before GC invocations=1793 (full 7):
 Metaspace       used 97282K, committed 98880K, reserved 1179648K
  class space    used 8202K, committed 8960K, reserved 1048576K
}
Event: 5631.354 {metaspace After GC invocations=1793 (full 7):
 Metaspace       used 97282K, committed 98880K, reserved 1179648K
  class space    used 8202K, committed 8960K, reserved 1048576K
}
Event: 5631.817 {metaspace Before GC invocations=1794 (full 7):
 Metaspace       used 97282K, committed 98880K, reserved 1179648K
  class space    used 8202K, committed 8960K, reserved 1048576K
}
Event: 5631.820 {metaspace After GC invocations=1794 (full 7):
 Metaspace       used 97282K, committed 98880K, reserved 1179648K
  class space    used 8202K, committed 8960K, reserved 1048576K
}
Event: 5631.942 {metaspace Before GC invocations=1795 (full 7):
 Metaspace       used 97310K, committed 98880K, reserved 1179648K
  class space    used 8202K, committed 8960K, reserved 1048576K
}
Event: 5631.954 {metaspace After GC invocations=1795 (full 7):
 Metaspace       used 97310K, committed 98880K, reserved 1179648K
  class space    used 8202K, committed 8960K, reserved 1048576K
}
Event: 5632.054 {metaspace Before GC invocations=1796 (full 7):
 Metaspace       used 97323K, committed 98880K, reserved 1179648K
  class space    used 8202K, committed 8960K, reserved 1048576K
}
Event: 5632.062 {metaspace After GC invocations=1796 (full 7):
 Metaspace       used 97323K, committed 98880K, reserved 1179648K
  class space    used 8202K, committed 8960K, reserved 1048576K
}
Event: 5632.101 {metaspace Before GC invocations=1797 (full 7):
 Metaspace       used 97323K, committed 98880K, reserved 1179648K
  class space    used 8202K, committed 8960K, reserved 1048576K
}
Event: 5632.108 {metaspace After GC invocations=1797 (full 7):
 Metaspace       used 97323K, committed 98880K, reserved 1179648K
  class space    used 8202K, committed 8960K, reserved 1048576K
}
Event: 5632.839 {metaspace Before GC invocations=1798 (full 7):
 Metaspace       used 97323K, committed 98880K, reserved 1179648K
  class space    used 8202K, committed 8960K, reserved 1048576K
}
Event: 5632.847 {metaspace After GC invocations=1798 (full 7):
 Metaspace       used 97323K, committed 98880K, reserved 1179648K
  class space    used 8202K, committed 8960K, reserved 1048576K
}
Event: 5692.482 {metaspace Before GC invocations=1799 (full 7):
 Metaspace       used 97370K, committed 98944K, reserved 1179648K
  class space    used 8213K, committed 8960K, reserved 1048576K
}
Event: 5692.486 {metaspace After GC invocations=1799 (full 7):
 Metaspace       used 97370K, committed 98944K, reserved 1179648K
  class space    used 8213K, committed 8960K, reserved 1048576K
}
Event: 5692.818 {metaspace Before GC invocations=1800 (full 7):
 Metaspace       used 97532K, committed 99072K, reserved 1179648K
  class space    used 8236K, committed 8960K, reserved 1048576K
}
Event: 5692.829 {metaspace After GC invocations=1800 (full 7):
 Metaspace       used 97532K, committed 99072K, reserved 1179648K
  class space    used 8236K, committed 8960K, reserved 1048576K
}
Event: 5693.735 {metaspace Before GC invocations=1801 (full 7):
 Metaspace       used 98323K, committed 100032K, reserved 1179648K
  class space    used 8333K, committed 9152K, reserved 1048576K
}
Event: 5693.743 {metaspace After GC invocations=1801 (full 7):
 Metaspace       used 98323K, committed 100032K, reserved 1179648K
  class space    used 8333K, committed 9152K, reserved 1048576K
}
Event: 5693.785 {metaspace Before GC invocations=1802 (full 7):
 Metaspace       used 98808K, committed 100864K, reserved 1179648K
  class space    used 8469K, committed 9408K, reserved 1048576K
}
Event: 5693.794 {metaspace After GC invocations=1802 (full 7):
 Metaspace       used 98808K, committed 100864K, reserved 1179648K
  class space    used 8469K, committed 9408K, reserved 1048576K
}

