# JRE version: OpenJDK Runtime Environment Temurin-25+36 (25.0+36) (build 25+36-LTS)
# Java VM: OpenJDK 64-Bit Server VM Temurin-25+36 (25+36-LTS, mixed mode, sharing, tiered, compressed oops, compressed class ptrs, parallel gc, windows-amd64)
GC Precious Log:
 CardTable entry size: 512
 CPUs: 4 total, 4 available
 Memory: 12111M
 Large Page Support: Disabled
 NUMA Support: Disabled
 Compressed Oops: Enabled (32-bit)
 Alignments: Space 512K, Generation 512K, Heap 2M
 Heap Min Capacity: 100M
 Heap Initial Capacity: 100M
 Heap Max Capacity: 2G
 Pre-touch: Disabled
 Parallel Workers: 4
Heap:
 PSYoungGen      total 43008K, used 26838K [0x00000000d5580000, 0x00000000d9480000, 0x0000000100000000)
  eden space 33280K, 52% used [0x00000000d5580000,0x00000000d6667000,0x00000000d7600000)
  from space 9728K, 97% used [0x00000000d8b00000,0x00000000d944eba8,0x00000000d9480000)
  to   space 12800K, 0% used [0x00000000d7b80000,0x00000000d7b80000,0x00000000d8800000)
 ParOldGen       total 700928K, used 126840K [0x0000000080000000, 0x00000000aac80000, 0x00000000d5580000)
  object space 700928K, 18% used [0x0000000080000000,0x0000000087bde0b0,0x00000000aac80000)
GC Heap Usage History (20 events):
Event: 8878.296 {heap Before GC invocations=362 (full 4):
 PSYoungGen      total 32256K, used 32233K [0x00000000d5580000, 0x00000000d7680000, 0x0000000100000000)
  eden space 31232K, 100% used [0x00000000d5580000,0x00000000d7400000,0x00000000d7400000)
  from space 1024K, 97% used [0x00000000d7400000,0x00000000d74fa420,0x00000000d7500000)
  to   space 1536K, 0% used [0x00000000d7500000,0x00000000d7500000,0x00000000d7680000)
 ParOldGen       total 650240K, used 650231K [0x0000000080000000, 0x00000000a7b00000, 0x00000000d558Event: 8878.298 {heap After GC invocations=362 (full 4):
 PSYoungGen      total 32768K, used 778K [0x00000000d5580000, 0x00000000d7680000, 0x0000000100000000)
  eden space 31232K, 0% used [0x00000000d5580000,0x00000000d5580000,0x00000000d7400000)
  from space 1536K, 50% used [0x00000000d7500000,0x00000000d75c2930,0x00000000d7680000)
  to   space 1024K, 0% used [0x00000000d7400000,0x00000000d7400000,0x00000000d7500000)
 ParOldGen       total 651264K, used 651200K [0x0000000080000000, 0x00000000a7c00000, 0x00000000d5580000)Event: 8879.116 {heap Before GC invocations=363 (full 4):
 PSYoungGen      total 32768K, used 32010K [0x00000000d5580000, 0x00000000d7680000, 0x0000000100000000)
  eden space 31232K, 100% used [0x00000000d5580000,0x00000000d7400000,0x00000000d7400000)
  from space 1536K, 50% used [0x00000000d7500000,0x00000000d75c2930,0x00000000d7680000)
  to   space 1024K, 0% used [0x00000000d7400000,0x00000000d7400000,0x00000000d7500000)
 ParOldGen       total 651264K, used 651200K [0x0000000080000000, 0x00000000a7c00000, 0x00000000d558Event: 8879.118 {heap After GC invocations=363 (full 4):
 PSYoungGen      total 32256K, used 580K [0x00000000d5580000, 0x00000000d7680000, 0x0000000100000000)
  eden space 31232K, 0% used [0x00000000d5580000,0x00000000d5580000,0x00000000d7400000)
  from space 1024K, 56% used [0x00000000d7400000,0x00000000d7491230,0x00000000d7500000)
  to   space 1024K, 0% used [0x00000000d7580000,0x00000000d7580000,0x00000000d7680000)
 ParOldGen       total 651776K, used 651488K [0x0000000080000000, 0x00000000a7c80000, 0x00000000d5580000)Event: 8880.607 {heap Before GC invocations=364 (full 4):
 PSYoungGen      total 32256K, used 31812K [0x00000000d5580000, 0x00000000d7680000, 0x0000000100000000)
  eden space 31232K, 100% used [0x00000000d5580000,0x00000000d7400000,0x00000000d7400000)
  from space 1024K, 56% used [0x00000000d7400000,0x00000000d7491230,0x00000000d7500000)
  to   space 1024K, 0% used [0x00000000d7580000,0x00000000d7580000,0x00000000d7680000)
 ParOldGen       total 651776K, used 651488K [0x0000000080000000, 0x00000000a7c80000, 0x00000000d558Event: 8880.612 {heap After GC invocations=364 (full 4):
 PSYoungGen      total 31232K, used 996K [0x00000000d5580000, 0x00000000d7880000, 0x0000000100000000)
  eden space 30208K, 0% used [0x00000000d5580000,0x00000000d5580000,0x00000000d7300000)
  from space 1024K, 97% used [0x00000000d7580000,0x00000000d7679230,0x00000000d7680000)
  to   space 2560K, 0% used [0x00000000d7300000,0x00000000d7300000,0x00000000d7580000)
 ParOldGen       total 652800K, used 652425K [0x0000000080000000, 0x00000000a7d80000, 0x00000000d5580000)Event: 8880.750 {heap Before GC invocations=365 (full 4):
 PSYoungGen      total 31232K, used 30589K [0x00000000d5580000, 0x00000000d7880000, 0x0000000100000000)
  eden space 30208K, 97% used [0x00000000d5580000,0x00000000d72661f0,0x00000000d7300000)
  from space 1024K, 97% used [0x00000000d7580000,0x00000000d7679230,0x00000000d7680000)
  to   space 2560K, 0% used [0x00000000d7300000,0x00000000d7300000,0x00000000d7580000)
 ParOldGen       total 652800K, used 652425K [0x0000000080000000, 0x00000000a7d80000, 0x00000000d5580Event: 8880.762 {heap After GC invocations=365 (full 4):
 PSYoungGen      total 32256K, used 2534K [0x00000000d5580000, 0x00000000da180000, 0x0000000100000000)
  eden space 29696K, 0% used [0x00000000d5580000,0x00000000d5580000,0x00000000d7280000)
  from space 2560K, 99% used [0x00000000d7300000,0x00000000d75799b0,0x00000000d7580000)
  to   space 24064K, 0% used [0x00000000d8a00000,0x00000000d8a00000,0x00000000da180000)
 ParOldGen       total 670720K, used 670448K [0x0000000080000000, 0x00000000a8f00000, 0x00000000d558000Event: 8880.860 {heap Before GC invocations=366 (full 4):
 PSYoungGen      total 32256K, used 25688K [0x00000000d5580000, 0x00000000da180000, 0x0000000100000000)
  eden space 29696K, 77% used [0x00000000d5580000,0x00000000d6c1c8a8,0x00000000d7280000)
  from space 2560K, 99% used [0x00000000d7300000,0x00000000d75799b0,0x00000000d7580000)
  to   space 24064K, 0% used [0x00000000d8a00000,0x00000000d8a00000,0x00000000da180000)
 ParOldGen       total 670720K, used 670448K [0x0000000080000000, 0x00000000a8f00000, 0x00000000d558Event: 8880.864 {heap After GC invocations=366 (full 4):
 PSYoungGen      total 38912K, used 9680K [0x00000000d5580000, 0x00000000d9380000, 0x0000000100000000)
  eden space 29184K, 0% used [0x00000000d5580000,0x00000000d5580000,0x00000000d7200000)
  from space 9728K, 99% used [0x00000000d8a00000,0x00000000d9374010,0x00000000d9380000)
  to   space 13824K, 0% used [0x00000000d7880000,0x00000000d7880000,0x00000000d8600000)
 ParOldGen       total 671232K, used 670992K [0x0000000080000000, 0x00000000a8f80000, 0x00000000d558000Event: 8880.866 {heap Before GC invocations=367 (full 4):
 PSYoungGen      total 38912K, used 28958K [0x00000000d5580000, 0x00000000d9380000, 0x0000000100000000)
  eden space 29184K, 66% used [0x00000000d5580000,0x00000000d6853b30,0x00000000d7200000)
  from space 9728K, 99% used [0x00000000d8a00000,0x00000000d9374010,0x00000000d9380000)
  to   space 13824K, 0% used [0x00000000d7880000,0x00000000d7880000,0x00000000d8600000)
 ParOldGen       total 671232K, used 670992K [0x0000000080000000, 0x00000000a8f80000, 0x00000000d558Event: 8880.875 {heap After GC invocations=367 (full 4):
 PSYoungGen      total 43520K, used 7712K [0x00000000d5580000, 0x00000000d8a80000, 0x0000000100000000)
  eden space 35328K, 0% used [0x00000000d5580000,0x00000000d5580000,0x00000000d7800000)
  from space 8192K, 94% used [0x00000000d7880000,0x00000000d8008010,0x00000000d8080000)
  to   space 9216K, 0% used [0x00000000d8180000,0x00000000d8180000,0x00000000d8a80000)
 ParOldGen       total 692736K, used 692648K [0x0000000080000000, 0x00000000aa480000, 0x00000000d5580000Event: 8882.194 {heap Before GC invocations=368 (full 4):
 PSYoungGen      total 43520K, used 43040K [0x00000000d5580000, 0x00000000d8a80000, 0x0000000100000000)
  eden space 35328K, 100% used [0x00000000d5580000,0x00000000d7800000,0x00000000d7800000)
  from space 8192K, 94% used [0x00000000d7880000,0x00000000d8008010,0x00000000d8080000)
  to   space 9216K, 0% used [0x00000000d8180000,0x00000000d8180000,0x00000000d8a80000)
 ParOldGen       total 692736K, used 692648K [0x0000000080000000, 0x00000000aa480000, 0x00000000d558Event: 8882.198 {heap After GC invocations=368 (full 4):
 PSYoungGen      total 34816K, used 340K [0x00000000d5580000, 0x00000000d8200000, 0x0000000100000000)
  eden space 34304K, 0% used [0x00000000d5580000,0x00000000d5580000,0x00000000d7700000)
  from space 512K, 66% used [0x00000000d8180000,0x00000000d81d5220,0x00000000d8200000)
  to   space 3584K, 0% used [0x00000000d7b00000,0x00000000d7b00000,0x00000000d7e80000)
 ParOldGen       total 700928K, used 700328K [0x0000000080000000, 0x00000000aac80000, 0x00000000d5580000)
Event: 19792.992 {heap Before GC invocations=369 (full 5):
 PSYoungGen      total 34816K, used 20381K [0x00000000d5580000, 0x00000000d8200000, 0x0000000100000000)
  eden space 34304K, 58% used [0x00000000d5580000,0x00000000d69124d8,0x00000000d7700000)
  from space 512K, 66% used [0x00000000d8180000,0x00000000d81d5220,0x00000000d8200000)
  to   space 3584K, 0% used [0x00000000d7b00000,0x00000000d7b00000,0x00000000d7e80000)
 ParOldGen       total 700928K, used 700328K [0x0000000080000000, 0x00000000aac80000, 0x00000000d55800Event: 19793.659 {heap After GC invocations=369 (full 5):
 PSYoungGen      total 34816K, used 0K [0x00000000d5580000, 0x00000000d8200000, 0x0000000100000000)
  eden space 34304K, 0% used [0x00000000d5580000,0x00000000d5580000,0x00000000d7700000)
  from space 512K, 0% used [0x00000000d8180000,0x00000000d8180000,0x00000000d8200000)
  to   space 3584K, 0% used [0x00000000d7b00000,0x00000000d7b00000,0x00000000d7e80000)
 ParOldGen       total 700928K, used 111848K [0x0000000080000000, 0x00000000aac80000, 0x00000000d5580000)
  oEvent: 379746.212 {heap Before GC invocations=370 (full 5):
 PSYoungGen      total 34816K, used 34304K [0x00000000d5580000, 0x00000000d8200000, 0x0000000100000000)
  eden space 34304K, 100% used [0x00000000d5580000,0x00000000d7700000,0x00000000d7700000)
  from space 512K, 0% used [0x00000000d8180000,0x00000000d8180000,0x00000000d8200000)
  to   space 3584K, 0% used [0x00000000d7b00000,0x00000000d7b00000,0x00000000d7e80000)
 ParOldGen       total 700928K, used 111848K [0x0000000080000000, 0x00000000aac80000, 0x00000000d55800Event: 379746.335 {heap After GC invocations=370 (full 5):
 PSYoungGen      total 37376K, used 3562K [0x00000000d5580000, 0x00000000d9f80000, 0x0000000100000000)
  eden space 33792K, 0% used [0x00000000d5580000,0x00000000d5580000,0x00000000d7680000)
  from space 3584K, 99% used [0x00000000d7b00000,0x00000000d7e7a8f0,0x00000000d7e80000)
  to   space 20992K, 0% used [0x00000000d8b00000,0x00000000d8b00000,0x00000000d9f80000)
 ParOldGen       total 700928K, used 126200K [0x0000000080000000, 0x00000000aac80000, 0x00000000d558000Event: 379747.466 {heap Before GC invocations=371 (full 5):
 PSYoungGen      total 37376K, used 37354K [0x00000000d5580000, 0x00000000d9f80000, 0x0000000100000000)
  eden space 33792K, 100% used [0x00000000d5580000,0x00000000d7680000,0x00000000d7680000)
  from space 3584K, 99% used [0x00000000d7b00000,0x00000000d7e7a8f0,0x00000000d7e80000)
  to   space 20992K, 0% used [0x00000000d8b00000,0x00000000d8b00000,0x00000000d9f80000)
 ParOldGen       total 700928K, used 126200K [0x0000000080000000, 0x00000000aac80000, 0x00000000d55Event: 379747.473 {heap After GC invocations=371 (full 5):
 PSYoungGen      total 43008K, used 9530K [0x00000000d5580000, 0x00000000d9480000, 0x0000000100000000)
  eden space 33280K, 0% used [0x00000000d5580000,0x00000000d5580000,0x00000000d7600000)
  from space 9728K, 97% used [0x00000000d8b00000,0x00000000d944eba8,0x00000000d9480000)
  to   space 12800K, 0% used [0x00000000d7b80000,0x00000000d7b80000,0x00000000d8800000)
 ParOldGen       total 700928K, used 126840K [0x0000000080000000, 0x00000000aac80000, 0x00000000d558000
Metaspace Usage History (20 events):
Event: 8878.296 {metaspace Before GC invocations=362 (full 4):
 Metaspace       used 96643K, committed 98304K, reserved 1179648K
  class space    used 8456K, committed 9216K, reserved 1048576K
}
Event: 8878.298 {metaspace After GC invocations=362 (full 4):
 Metaspace       used 96643K, committed 98304K, reserved 1179648K
  class space    used 8456K, committed 9216K, reserved 1048576K
}
Event: 8879.116 {metaspace Before GC invocations=363 (full 4):
 Metaspace       used 96643K, committed 98304K, reserved 1179648K
  class space    used 8456K, committed 9216K, reserved 1048576K
}
Event: 8879.118 {metaspace After GC invocations=363 (full 4):
 Metaspace       used 96643K, committed 98304K, reserved 1179648K
  class space    used 8456K, committed 9216K, reserved 1048576K
}
Event: 8880.607 {metaspace Before GC invocations=364 (full 4):
 Metaspace       used 96657K, committed 98304K, reserved 1179648K
  class space    used 8456K, committed 9216K, reserved 1048576K
}
Event: 8880.612 {metaspace After GC invocations=364 (full 4):
 Metaspace       used 96657K, committed 98304K, reserved 1179648K
  class space    used 8456K, committed 9216K, reserved 1048576K
}
Event: 8880.750 {metaspace Before GC invocations=365 (full 4):
 Metaspace       used 96667K, committed 98304K, reserved 1179648K
  class space    used 8456K, committed 9216K, reserved 1048576K
}
Event: 8880.762 {metaspace After GC invocations=365 (full 4):
 Metaspace       used 96667K, committed 98304K, reserved 1179648K
  class space    used 8456K, committed 9216K, reserved 1048576K
}
Event: 8880.860 {metaspace Before GC invocations=366 (full 4):
 Metaspace       used 96673K, committed 98368K, reserved 1179648K
  class space    used 8456K, committed 9216K, reserved 1048576K
}
Event: 8880.864 {metaspace After GC invocations=366 (full 4):
 Metaspace       used 96673K, committed 98368K, reserved 1179648K
  class space    used 8456K, committed 9216K, reserved 1048576K
}
Event: 8880.866 {metaspace Before GC invocations=367 (full 4):
 Metaspace       used 96673K, committed 98368K, reserved 1179648K
  class space    used 8456K, committed 9216K, reserved 1048576K
}
Event: 8880.875 {metaspace After GC invocations=367 (full 4):
 Metaspace       used 96673K, committed 98368K, reserved 1179648K
  class space    used 8456K, committed 9216K, reserved 1048576K
}
Event: 8882.194 {metaspace Before GC invocations=368 (full 4):
 Metaspace       used 96682K, committed 98368K, reserved 1179648K
  class space    used 8456K, committed 9216K, reserved 1048576K
}
Event: 8882.198 {metaspace After GC invocations=368 (full 4):
 Metaspace       used 96682K, committed 98368K, reserved 1179648K
  class space    used 8456K, committed 9216K, reserved 1048576K
}
Event: 19792.992 {metaspace Before GC invocations=369 (full 5):
 Metaspace       used 96720K, committed 98432K, reserved 1179648K
  class space    used 8456K, committed 9216K, reserved 1048576K
}
Event: 19793.659 {metaspace After GC invocations=369 (full 5):
 Metaspace       used 96673K, committed 98432K, reserved 1179648K
  class space    used 8443K, committed 9216K, reserved 1048576K
}
Event: 379746.212 {metaspace Before GC invocations=370 (full 5):
 Metaspace       used 96973K, committed 98560K, reserved 1179648K
  class space    used 8486K, committed 9216K, reserved 1048576K
}
Event: 379746.335 {metaspace After GC invocations=370 (full 5):
 Metaspace       used 96973K, committed 98560K, reserved 1179648K
  class space    used 8486K, committed 9216K, reserved 1048576K
}
Event: 379747.466 {metaspace Before GC invocations=371 (full 5):
 Metaspace       used 97653K, committed 99584K, reserved 1179648K
  class space    used 8614K, committed 9408K, reserved 1048576K
}
Event: 379747.473 {metaspace After GC invocations=371 (full 5):
 Metaspace       used 97653K, committed 99584K, reserved 1179648K
  class space    used 8614K, committed 9408K, reserved 1048576K
}

