# JRE version: OpenJDK Runtime Environment Temurin-25+36 (25.0+36) (build 25+36-LTS)
# Java VM: OpenJDK 64-Bit Server VM Temurin-25+36 (25+36-LTS, mixed mode, sharing, tiered, compressed oops, compressed class ptrs, parallel gc, windows-amd64)
GC Precious Log:
 CardTable entry size: 512
 CPUs: 8 total, 8 available
 Memory: 16247M
 Large Page Support: Disabled
 NUMA Support: Disabled
 Compressed Oops: Enabled (32-bit)
 Alignments: Space 512K, Generation 512K, Heap 2M
 Heap Min Capacity: 100M
 Heap Initial Capacity: 100M
 Heap Max Capacity: 2G
 Pre-touch: Disabled
 Parallel Workers: 8
Heap:
 PSYoungGen      total 32256K, used 27109K [0x00000000d5580000, 0x00000000d8080000, 0x0000000100000000)
  eden space 31232K, 84% used [0x00000000d5580000,0x00000000d6f215b8,0x00000000d7400000)
  from space 1024K, 84% used [0x00000000d7f80000,0x00000000d8058000,0x00000000d8080000)
  to   space 2048K, 0% used [0x00000000d7c80000,0x00000000d7c80000,0x00000000d7e80000)
 ParOldGen       total 495616K, used 293878K [0x0000000080000000, 0x000000009e400000, 0x00000000d5580000)
  object space 495616K, 59% used [0x0000000080000000,0x0000000091efd9f8,0x000000009e400000)
GC Heap Usage History (20 events):
Event: 21677.146 {heap Before GC invocations=189 (full 4):
 PSYoungGen      total 38912K, used 38671K [0x00000000d5580000, 0x00000000d8400000, 0x0000000100000000)
  eden space 38400K, 99% used [0x00000000d5580000,0x00000000d7af3ca8,0x00000000d7b00000)
  from space 512K, 62% used [0x00000000d8380000,0x00000000d83d0020,0x00000000d8400000)
  to   space 3072K, 0% used [0x00000000d7e00000,0x00000000d7e00000,0x00000000d8100000)
 ParOldGen       total 495616K, used 244261K [0x0000000080000000, 0x000000009e400000, 0x00000000d55800Event: 21677.151 {heap After GC invocations=189 (full 4):
 PSYoungGen      total 40448K, used 3048K [0x00000000d5580000, 0x00000000d8400000, 0x0000000100000000)
  eden space 37376K, 0% used [0x00000000d5580000,0x00000000d5580000,0x00000000d7a00000)
  from space 3072K, 99% used [0x00000000d7e00000,0x00000000d80fa040,0x00000000d8100000)
  to   space 3072K, 0% used [0x00000000d8100000,0x00000000d8100000,0x00000000d8400000)
 ParOldGen       total 495616K, used 244722K [0x0000000080000000, 0x000000009e400000, 0x00000000d5580000Event: 21678.119 {heap Before GC invocations=190 (full 4):
 PSYoungGen      total 40448K, used 40424K [0x00000000d5580000, 0x00000000d8400000, 0x0000000100000000)
  eden space 37376K, 100% used [0x00000000d5580000,0x00000000d7a00000,0x00000000d7a00000)
  from space 3072K, 99% used [0x00000000d7e00000,0x00000000d80fa040,0x00000000d8100000)
  to   space 3072K, 0% used [0x00000000d8100000,0x00000000d8100000,0x00000000d8400000)
 ParOldGen       total 495616K, used 244722K [0x0000000080000000, 0x000000009e400000, 0x00000000d558Event: 21678.121 {heap After GC invocations=190 (full 4):
 PSYoungGen      total 37376K, used 818K [0x00000000d5580000, 0x00000000d8200000, 0x0000000100000000)
  eden space 36352K, 0% used [0x00000000d5580000,0x00000000d5580000,0x00000000d7900000)
  from space 1024K, 79% used [0x00000000d8100000,0x00000000d81cca20,0x00000000d8200000)
  to   space 2048K, 0% used [0x00000000d7e00000,0x00000000d7e00000,0x00000000d8000000)
 ParOldGen       total 495616K, used 244794K [0x0000000080000000, 0x000000009e400000, 0x00000000d5580000)Event: 21678.264 {heap Before GC invocations=191 (full 4):
 PSYoungGen      total 37376K, used 37170K [0x00000000d5580000, 0x00000000d8200000, 0x0000000100000000)
  eden space 36352K, 100% used [0x00000000d5580000,0x00000000d7900000,0x00000000d7900000)
  from space 1024K, 79% used [0x00000000d8100000,0x00000000d81cca20,0x00000000d8200000)
  to   space 2048K, 0% used [0x00000000d7e00000,0x00000000d7e00000,0x00000000d8000000)
 ParOldGen       total 495616K, used 244794K [0x0000000080000000, 0x000000009e400000, 0x00000000d558Event: 21678.336 {heap After GC invocations=191 (full 4):
 PSYoungGen      total 37376K, used 2048K [0x00000000d5580000, 0x00000000d9900000, 0x0000000100000000)
  eden space 35328K, 0% used [0x00000000d5580000,0x00000000d5580000,0x00000000d7800000)
  from space 2048K, 100% used [0x00000000d7e00000,0x00000000d8000000,0x00000000d8000000)
  to   space 16896K, 0% used [0x00000000d8880000,0x00000000d8880000,0x00000000d9900000)
 ParOldGen       total 495616K, used 257205K [0x0000000080000000, 0x000000009e400000, 0x00000000d55800Event: 21681.091 {heap Before GC invocations=192 (full 4):
 PSYoungGen      total 37376K, used 37376K [0x00000000d5580000, 0x00000000d9900000, 0x0000000100000000)
  eden space 35328K, 100% used [0x00000000d5580000,0x00000000d7800000,0x00000000d7800000)
  from space 2048K, 100% used [0x00000000d7e00000,0x00000000d8000000,0x00000000d8000000)
  to   space 16896K, 0% used [0x00000000d8880000,0x00000000d8880000,0x00000000d9900000)
 ParOldGen       total 495616K, used 257205K [0x0000000080000000, 0x000000009e400000, 0x00000000d5Event: 21681.107 {heap After GC invocations=192 (full 4):
 PSYoungGen      total 41472K, used 6675K [0x00000000d5580000, 0x00000000d8f80000, 0x0000000100000000)
  eden space 34304K, 0% used [0x00000000d5580000,0x00000000d5580000,0x00000000d7700000)
  from space 7168K, 93% used [0x00000000d8880000,0x00000000d8f04ee0,0x00000000d8f80000)
  to   space 9728K, 0% used [0x00000000d7c80000,0x00000000d7c80000,0x00000000d8600000)
 ParOldGen       total 495616K, used 259317K [0x0000000080000000, 0x000000009e400000, 0x00000000d5580000Event: 21682.380 {heap Before GC invocations=193 (full 4):
 PSYoungGen      total 41472K, used 40979K [0x00000000d5580000, 0x00000000d8f80000, 0x0000000100000000)
  eden space 34304K, 100% used [0x00000000d5580000,0x00000000d7700000,0x00000000d7700000)
  from space 7168K, 93% used [0x00000000d8880000,0x00000000d8f04ee0,0x00000000d8f80000)
  to   space 9728K, 0% used [0x00000000d7c80000,0x00000000d7c80000,0x00000000d8600000)
 ParOldGen       total 495616K, used 259317K [0x0000000080000000, 0x000000009e400000, 0x00000000d558Event: 21682.396 {heap After GC invocations=193 (full 4):
 PSYoungGen      total 35328K, used 1310K [0x00000000d5580000, 0x00000000d8900000, 0x0000000100000000)
  eden space 33792K, 0% used [0x00000000d5580000,0x00000000d5580000,0x00000000d7680000)
  from space 1536K, 85% used [0x00000000d7c80000,0x00000000d7dc7b50,0x00000000d7e00000)
  to   space 4096K, 0% used [0x00000000d8500000,0x00000000d8500000,0x00000000d8900000)
 ParOldGen       total 495616K, used 261426K [0x0000000080000000, 0x000000009e400000, 0x00000000d5580000Event: 21682.696 {heap Before GC invocations=194 (full 4):
 PSYoungGen      total 35328K, used 35005K [0x00000000d5580000, 0x00000000d8900000, 0x0000000100000000)
  eden space 33792K, 99% used [0x00000000d5580000,0x00000000d76679f0,0x00000000d7680000)
  from space 1536K, 85% used [0x00000000d7c80000,0x00000000d7dc7b50,0x00000000d7e00000)
  to   space 4096K, 0% used [0x00000000d8500000,0x00000000d8500000,0x00000000d8900000)
 ParOldGen       total 495616K, used 261426K [0x0000000080000000, 0x000000009e400000, 0x00000000d5580Event: 21682.703 {heap After GC invocations=194 (full 4):
 PSYoungGen      total 36352K, used 2847K [0x00000000d5580000, 0x00000000d8800000, 0x0000000100000000)
  eden space 33280K, 0% used [0x00000000d5580000,0x00000000d5580000,0x00000000d7600000)
  from space 3072K, 92% used [0x00000000d8500000,0x00000000d87c7db8,0x00000000d8800000)
  to   space 3584K, 0% used [0x00000000d8100000,0x00000000d8100000,0x00000000d8480000)
 ParOldGen       total 495616K, used 262486K [0x0000000080000000, 0x000000009e400000, 0x00000000d5580000Event: 21682.872 {heap Before GC invocations=195 (full 4):
 PSYoungGen      total 36352K, used 32050K [0x00000000d5580000, 0x00000000d8800000, 0x0000000100000000)
  eden space 33280K, 87% used [0x00000000d5580000,0x00000000d7204cd8,0x00000000d7600000)
  from space 3072K, 92% used [0x00000000d8500000,0x00000000d87c7db8,0x00000000d8800000)
  to   space 3584K, 0% used [0x00000000d8100000,0x00000000d8100000,0x00000000d8480000)
 ParOldGen       total 495616K, used 262486K [0x0000000080000000, 0x000000009e400000, 0x00000000d5580Event: 21683.002 {heap After GC invocations=195 (full 4):
 PSYoungGen      total 33792K, used 512K [0x00000000d5580000, 0x00000000d8580000, 0x0000000100000000)
  eden space 32768K, 0% used [0x00000000d5580000,0x00000000d5580000,0x00000000d7580000)
  from space 1024K, 50% used [0x00000000d8100000,0x00000000d8180040,0x00000000d8200000)
  to   space 1536K, 0% used [0x00000000d8400000,0x00000000d8400000,0x00000000d8580000)
 ParOldGen       total 495616K, used 282018K [0x0000000080000000, 0x000000009e400000, 0x00000000d5580000)Event: 21683.266 {heap Before GC invocations=196 (full 4):
 PSYoungGen      total 33792K, used 33280K [0x00000000d5580000, 0x00000000d8580000, 0x0000000100000000)
  eden space 32768K, 100% used [0x00000000d5580000,0x00000000d7580000,0x00000000d7580000)
  from space 1024K, 50% used [0x00000000d8100000,0x00000000d8180040,0x00000000d8200000)
  to   space 1536K, 0% used [0x00000000d8400000,0x00000000d8400000,0x00000000d8580000)
 ParOldGen       total 495616K, used 282018K [0x0000000080000000, 0x000000009e400000, 0x00000000d558Event: 21683.313 {heap After GC invocations=196 (full 4):
 PSYoungGen      total 33792K, used 1516K [0x00000000d5580000, 0x00000000d8e00000, 0x0000000100000000)
  eden space 32256K, 0% used [0x00000000d5580000,0x00000000d5580000,0x00000000d7500000)
  from space 1536K, 98% used [0x00000000d8400000,0x00000000d857b0b0,0x00000000d8580000)
  to   space 12800K, 0% used [0x00000000d7500000,0x00000000d7500000,0x00000000d8180000)
 ParOldGen       total 495616K, used 291318K [0x0000000080000000, 0x000000009e400000, 0x00000000d558000Event: 24270.223 {heap Before GC invocations=197 (full 4):
 PSYoungGen      total 33792K, used 33772K [0x00000000d5580000, 0x00000000d8e00000, 0x0000000100000000)
  eden space 32256K, 100% used [0x00000000d5580000,0x00000000d7500000,0x00000000d7500000)
  from space 1536K, 98% used [0x00000000d8400000,0x00000000d857b0b0,0x00000000d8580000)
  to   space 12800K, 0% used [0x00000000d7500000,0x00000000d7500000,0x00000000d8180000)
 ParOldGen       total 495616K, used 291318K [0x0000000080000000, 0x000000009e400000, 0x00000000d55Event: 24270.240 {heap After GC invocations=197 (full 4):
 PSYoungGen      total 33280K, used 1185K [0x00000000d5580000, 0x00000000d8480000, 0x0000000100000000)
  eden space 31744K, 0% used [0x00000000d5580000,0x00000000d5580000,0x00000000d7480000)
  from space 1536K, 77% used [0x00000000d7500000,0x00000000d7628768,0x00000000d7680000)
  to   space 5120K, 0% used [0x00000000d7f80000,0x00000000d7f80000,0x00000000d8480000)
 ParOldGen       total 495616K, used 292878K [0x0000000080000000, 0x000000009e400000, 0x00000000d5580000Event: 24273.040 {heap Before GC invocations=198 (full 4):
 PSYoungGen      total 33280K, used 32929K [0x00000000d5580000, 0x00000000d8480000, 0x0000000100000000)
  eden space 31744K, 100% used [0x00000000d5580000,0x00000000d7480000,0x00000000d7480000)
  from space 1536K, 77% used [0x00000000d7500000,0x00000000d7628768,0x00000000d7680000)
  to   space 5120K, 0% used [0x00000000d7f80000,0x00000000d7f80000,0x00000000d8480000)
 ParOldGen       total 495616K, used 292878K [0x0000000080000000, 0x000000009e400000, 0x00000000d558Event: 24273.051 {heap After GC invocations=198 (full 4):
 PSYoungGen      total 32256K, used 864K [0x00000000d5580000, 0x00000000d8080000, 0x0000000100000000)
  eden space 31232K, 0% used [0x00000000d5580000,0x00000000d5580000,0x00000000d7400000)
  from space 1024K, 84% used [0x00000000d7f80000,0x00000000d8058000,0x00000000d8080000)
  to   space 2048K, 0% used [0x00000000d7c80000,0x00000000d7c80000,0x00000000d7e80000)
 ParOldGen       total 495616K, used 293878K [0x0000000080000000, 0x000000009e400000, 0x00000000d5580000)
Metaspace Usage History (20 events):
Event: 21677.146 {metaspace Before GC invocations=189 (full 4):
 Metaspace       used 86365K, committed 87936K, reserved 1179648K
  class space    used 7528K, committed 8192K, reserved 1048576K
}
Event: 21677.151 {metaspace After GC invocations=189 (full 4):
 Metaspace       used 86365K, committed 87936K, reserved 1179648K
  class space    used 7528K, committed 8192K, reserved 1048576K
}
Event: 21678.119 {metaspace Before GC invocations=190 (full 4):
 Metaspace       used 86510K, committed 88064K, reserved 1179648K
  class space    used 7545K, committed 8192K, reserved 1048576K
}
Event: 21678.121 {metaspace After GC invocations=190 (full 4):
 Metaspace       used 86510K, committed 88064K, reserved 1179648K
  class space    used 7545K, committed 8192K, reserved 1048576K
}
Event: 21678.264 {metaspace Before GC invocations=191 (full 4):
 Metaspace       used 86512K, committed 88064K, reserved 1179648K
  class space    used 7545K, committed 8192K, reserved 1048576K
}
Event: 21678.336 {metaspace After GC invocations=191 (full 4):
 Metaspace       used 86512K, committed 88064K, reserved 1179648K
  class space    used 7545K, committed 8192K, reserved 1048576K
}
Event: 21681.091 {metaspace Before GC invocations=192 (full 4):
 Metaspace       used 86564K, committed 88128K, reserved 1179648K
  class space    used 7545K, committed 8192K, reserved 1048576K
}
Event: 21681.107 {metaspace After GC invocations=192 (full 4):
 Metaspace       used 86564K, committed 88128K, reserved 1179648K
  class space    used 7545K, committed 8192K, reserved 1048576K
}
Event: 21682.380 {metaspace Before GC invocations=193 (full 4):
 Metaspace       used 86615K, committed 88192K, reserved 1179648K
  class space    used 7545K, committed 8192K, reserved 1048576K
}
Event: 21682.396 {metaspace After GC invocations=193 (full 4):
 Metaspace       used 86615K, committed 88192K, reserved 1179648K
  class space    used 7545K, committed 8192K, reserved 1048576K
}
Event: 21682.696 {metaspace Before GC invocations=194 (full 4):
 Metaspace       used 86640K, committed 88192K, reserved 1179648K
  class space    used 7545K, committed 8192K, reserved 1048576K
}
Event: 21682.703 {metaspace After GC invocations=194 (full 4):
 Metaspace       used 86640K, committed 88192K, reserved 1179648K
  class space    used 7545K, committed 8192K, reserved 1048576K
}
Event: 21682.872 {metaspace Before GC invocations=195 (full 4):
 Metaspace       used 86647K, committed 88192K, reserved 1179648K
  class space    used 7545K, committed 8192K, reserved 1048576K
}
Event: 21683.002 {metaspace After GC invocations=195 (full 4):
 Metaspace       used 86647K, committed 88192K, reserved 1179648K
  class space    used 7545K, committed 8192K, reserved 1048576K
}
Event: 21683.266 {metaspace Before GC invocations=196 (full 4):
 Metaspace       used 86653K, committed 88192K, reserved 1179648K
  class space    used 7545K, committed 8192K, reserved 1048576K
}
Event: 21683.313 {metaspace After GC invocations=196 (full 4):
 Metaspace       used 86653K, committed 88192K, reserved 1179648K
  class space    used 7545K, committed 8192K, reserved 1048576K
}
Event: 24270.223 {metaspace Before GC invocations=197 (full 4):
 Metaspace       used 86784K, committed 88320K, reserved 1179648K
  class space    used 7560K, committed 8192K, reserved 1048576K
}
Event: 24270.240 {metaspace After GC invocations=197 (full 4):
 Metaspace       used 86784K, committed 88320K, reserved 1179648K
  class space    used 7560K, committed 8192K, reserved 1048576K
}
Event: 24273.040 {metaspace Before GC invocations=198 (full 4):
 Metaspace       used 87513K, committed 89216K, reserved 1179648K
  class space    used 7673K, committed 8384K, reserved 1048576K
}
Event: 24273.051 {metaspace After GC invocations=198 (full 4):
 Metaspace       used 87513K, committed 89216K, reserved 1179648K
  class space    used 7673K, committed 8384K, reserved 1048576K
}

