# JRE version: OpenJDK Runtime Environment Temurin-21.0.9+10 (21.0.9+10) (build 21.0.9+10-LTS)
# Java VM: OpenJDK 64-Bit Server VM Temurin-21.0.9+10 (21.0.9+10-LTS, mixed mode, sharing, tiered, compressed oops, compressed class ptrs, parallel gc, windows-amd64)
GC Precious Log:
 CardTable entry size: 512
 CPUs: 4 total, 4 available
 Memory: 12111M
 Large Page Support: Disabled
 NUMA Support: Disabled
 Compressed Oops: Enabled (32-bit)
 Alignments: Space 512K, Generation 512K, Heap 2M
 Heap Min Capacity: 100M
 Heap Initial Capacity: 100M
 Heap Max Capacity: 2G
 Pre-touch: Disabled
 Parallel Workers: 4
Heap:
 PSYoungGen      total 19456K, used 14969K [0x00000000d5580000, 0x00000000d6c80000, 0x0000000100000000)
  eden space 18944K, 77% used [0x00000000d5580000,0x00000000d63e6710,0x00000000d6800000)
  from space 512K, 43% used [0x00000000d6c00000,0x00000000d6c38000,0x00000000d6c80000)
  to   space 512K, 0% used [0x00000000d6b80000,0x00000000d6b80000,0x00000000d6c00000)
 ParOldGen       total 1018880K, used 438204K [0x0000000080000000, 0x00000000be300000, 0x00000000d5580000)
  object space 1018880K, 43% used [0x0000000080000000,0x000000009abef110,0x00000000be300000)
 Metaspace       used 108670K, committed 110656K, reserved 1179648K
  class space    used 9957K, committed 10880K, reserved 1048576K
GC Heap History (20 events):
Event: 38241.059 GC heap before
{Heap before GC invocations=2363 (full 6):
 PSYoungGen      total 19456K, used 19444K [0x00000000d5580000, 0x00000000d7280000, 0x0000000100000000)
  eden space 18944K, 100% used [0x00000000d5580000,0x00000000d6800000,0x00000000d6800000)
  from space 512K, 97% used [0x00000000d7200000,0x00000000d727d200,0x00000000d7280000)
  to   space 3584K, 0% used [0x00000000d6b80000,0x00000000d6b80000,0x00000000d6f00000)
 ParOldGen       total 1018880K, used 425234K [0x0000000080000000, 0x00000000be300000, 0x00000000d5580000)
  object space 1018880K, 41% used [0x0000000080000000,0x0000000099f44830,0x00000000be300000)
 Metaspace       used 108422K, committed 110464K, reserved 1179648K
  class space    used 9957K, committed 10880K, reserved 1048576K
}
Event: 38241.062 GC heap after
{Heap after GC invocations=2363 (full 6):
 PSYoungGen      total 22528K, used 128K [0x00000000d5580000, 0x00000000d7280000, 0x0000000100000000)
  eden space 18944K, 0% used [0x00000000d5580000,0x00000000d5580000,0x00000000d6800000)
  from space 3584K, 3% used [0x00000000d6b80000,0x00000000d6ba0000,0x00000000d6f00000)
  to   space 1536K, 0% used [0x00000000d7100000,0x00000000d7100000,0x00000000d7280000)
 ParOldGen       total 1018880K, used 425734K [0x0000000080000000, 0x00000000be300000, 0x00000000d5580000)
  object space 1018880K, 41% used [0x0000000080000000,0x0000000099fc1a60,0x00000000be300000)
 Metaspace       used 108422K, committed 110464K, reserved 1179648K
  class space    used 9957K, committed 10880K, reserved 1048576K
}
Event: 38241.354 GC heap before
{Heap before GC invocations=2364 (full 6):
 PSYoungGen      total 22528K, used 19072K [0x00000000d5580000, 0x00000000d7280000, 0x0000000100000000)
  eden space 18944K, 100% used [0x00000000d5580000,0x00000000d6800000,0x00000000d6800000)
  from space 3584K, 3% used [0x00000000d6b80000,0x00000000d6ba0000,0x00000000d6f00000)
  to   space 1536K, 0% used [0x00000000d7100000,0x00000000d7100000,0x00000000d7280000)
 ParOldGen       total 1018880K, used 425734K [0x0000000080000000, 0x00000000be300000, 0x00000000d5580000)
  object space 1018880K, 41% used [0x0000000080000000,0x0000000099fc1a60,0x00000000be300000)
 Metaspace       used 108422K, committed 110464K, reserved 1179648K
  class space    used 9957K, committed 10880K, reserved 1048576K
}
Event: 38241.381 GC heap after
{Heap after GC invocations=2364 (full 6):
 PSYoungGen      total 20480K, used 1531K [0x00000000d5580000, 0x00000000d7a00000, 0x0000000100000000)
  eden space 18944K, 0% used [0x00000000d5580000,0x00000000d5580000,0x00000000d6800000)
  from space 1536K, 99% used [0x00000000d7100000,0x00000000d727ec40,0x00000000d7280000)
  to   space 9216K, 0% used [0x00000000d6800000,0x00000000d6800000,0x00000000d7100000)
 ParOldGen       total 1018880K, used 431907K [0x0000000080000000, 0x00000000be300000, 0x00000000d5580000)
  object space 1018880K, 42% used [0x0000000080000000,0x000000009a5c8c60,0x00000000be300000)
 Metaspace       used 108422K, committed 110464K, reserved 1179648K
  class space    used 9957K, committed 10880K, reserved 1048576K
}
Event: 38241.489 GC heap before
{Heap before GC invocations=2365 (full 6):
 PSYoungGen      total 20480K, used 20475K [0x00000000d5580000, 0x00000000d7a00000, 0x0000000100000000)
  eden space 18944K, 100% used [0x00000000d5580000,0x00000000d6800000,0x00000000d6800000)
  from space 1536K, 99% used [0x00000000d7100000,0x00000000d727ec40,0x00000000d7280000)
  to   space 9216K, 0% used [0x00000000d6800000,0x00000000d6800000,0x00000000d7100000)
 ParOldGen       total 1018880K, used 431907K [0x0000000080000000, 0x00000000be300000, 0x00000000d5580000)
  object space 1018880K, 42% used [0x0000000080000000,0x000000009a5c8c60,0x00000000be300000)
 Metaspace       used 108432K, committed 110464K, reserved 1179648K
  class space    used 9957K, committed 10880K, reserved 1048576K
}
Event: 38241.499 GC heap after
{Heap after GC invocations=2365 (full 6):
 PSYoungGen      total 22528K, used 3108K [0x00000000d5580000, 0x00000000d7200000, 0x0000000100000000)
  eden space 18944K, 0% used [0x00000000d5580000,0x00000000d5580000,0x00000000d6800000)
  from space 3584K, 86% used [0x00000000d6800000,0x00000000d6b09210,0x00000000d6b80000)
  to   space 5120K, 0% used [0x00000000d6d00000,0x00000000d6d00000,0x00000000d7200000)
 ParOldGen       total 1018880K, used 433454K [0x0000000080000000, 0x00000000be300000, 0x00000000d5580000)
  object space 1018880K, 42% used [0x0000000080000000,0x000000009a74b8b0,0x00000000be300000)
 Metaspace       used 108432K, committed 110464K, reserved 1179648K
  class space    used 9957K, committed 10880K, reserved 1048576K
}
Event: 38243.120 GC heap before
{Heap before GC invocations=2366 (full 6):
 PSYoungGen      total 22528K, used 22052K [0x00000000d5580000, 0x00000000d7200000, 0x0000000100000000)
  eden space 18944K, 100% used [0x00000000d5580000,0x00000000d6800000,0x00000000d6800000)
  from space 3584K, 86% used [0x00000000d6800000,0x00000000d6b09210,0x00000000d6b80000)
  to   space 5120K, 0% used [0x00000000d6d00000,0x00000000d6d00000,0x00000000d7200000)
 ParOldGen       total 1018880K, used 433454K [0x0000000080000000, 0x00000000be300000, 0x00000000d5580000)
  object space 1018880K, 42% used [0x0000000080000000,0x000000009a74b8b0,0x00000000be300000)
 Metaspace       used 108443K, committed 110464K, reserved 1179648K
  class space    used 9957K, committed 10880K, reserved 1048576K
}
Event: 38243.133 GC heap after
{Heap after GC invocations=2366 (full 6):
 PSYoungGen      total 20480K, used 1049K [0x00000000d5580000, 0x00000000d6e80000, 0x0000000100000000)
  eden space 18944K, 0% used [0x00000000d5580000,0x00000000d5580000,0x00000000d6800000)
  from space 1536K, 68% used [0x00000000d6d00000,0x00000000d6e06410,0x00000000d6e80000)
  to   space 2560K, 0% used [0x00000000d6980000,0x00000000d6980000,0x00000000d6c00000)
 ParOldGen       total 1018880K, used 436066K [0x0000000080000000, 0x00000000be300000, 0x00000000d5580000)
  object space 1018880K, 42% used [0x0000000080000000,0x000000009a9d8ab0,0x00000000be300000)
 Metaspace       used 108443K, committed 110464K, reserved 1179648K
  class space    used 9957K, committed 10880K, reserved 1048576K
}
Event: 38257.700 GC heap before
{Heap before GC invocations=2367 (full 6):
 PSYoungGen      total 20480K, used 19993K [0x00000000d5580000, 0x00000000d6e80000, 0x0000000100000000)
  eden space 18944K, 100% used [0x00000000d5580000,0x00000000d6800000,0x00000000d6800000)
  from space 1536K, 68% used [0x00000000d6d00000,0x00000000d6e06410,0x00000000d6e80000)
  to   space 2560K, 0% used [0x00000000d6980000,0x00000000d6980000,0x00000000d6c00000)
 ParOldGen       total 1018880K, used 436066K [0x0000000080000000, 0x00000000be300000, 0x00000000d5580000)
  object space 1018880K, 42% used [0x0000000080000000,0x000000009a9d8ab0,0x00000000be300000)
 Metaspace       used 108447K, committed 110464K, reserved 1179648K
  class space    used 9957K, committed 10880K, reserved 1048576K
}
Event: 38257.708 GC heap after
{Heap after GC invocations=2367 (full 6):
 PSYoungGen      total 21504K, used 1187K [0x00000000d5580000, 0x00000000d6d80000, 0x0000000100000000)
  eden space 18944K, 0% used [0x00000000d5580000,0x00000000d5580000,0x00000000d6800000)
  from space 2560K, 46% used [0x00000000d6980000,0x00000000d6aa8d20,0x00000000d6c00000)
  to   space 1536K, 0% used [0x00000000d6c00000,0x00000000d6c00000,0x00000000d6d80000)
 ParOldGen       total 1018880K, used 437011K [0x0000000080000000, 0x00000000be300000, 0x00000000d5580000)
  object space 1018880K, 42% used [0x0000000080000000,0x000000009aac4cf0,0x00000000be300000)
 Metaspace       used 108447K, committed 110464K, reserved 1179648K
  class space    used 9957K, committed 10880K, reserved 1048576K
}
Event: 38257.766 GC heap before
{Heap before GC invocations=2368 (full 6):
 PSYoungGen      total 21504K, used 20131K [0x00000000d5580000, 0x00000000d6d80000, 0x0000000100000000)
  eden space 18944K, 100% used [0x00000000d5580000,0x00000000d6800000,0x00000000d6800000)
  from space 2560K, 46% used [0x00000000d6980000,0x00000000d6aa8d20,0x00000000d6c00000)
  to   space 1536K, 0% used [0x00000000d6c00000,0x00000000d6c00000,0x00000000d6d80000)
 ParOldGen       total 1018880K, used 437011K [0x0000000080000000, 0x00000000be300000, 0x00000000d5580000)
  object space 1018880K, 42% used [0x0000000080000000,0x000000009aac4cf0,0x00000000be300000)
 Metaspace       used 108447K, committed 110464K, reserved 1179648K
  class space    used 9957K, committed 10880K, reserved 1048576K
}
Event: 38257.774 GC heap after
{Heap after GC invocations=2368 (full 6):
 PSYoungGen      total 19456K, used 484K [0x00000000d5580000, 0x00000000d6c80000, 0x0000000100000000)
  eden space 18944K, 0% used [0x00000000d5580000,0x00000000d5580000,0x00000000d6800000)
  from space 512K, 94% used [0x00000000d6c00000,0x00000000d6c79210,0x00000000d6c80000)
  to   space 1024K, 0% used [0x00000000d6a80000,0x00000000d6a80000,0x00000000d6b80000)
 ParOldGen       total 1018880K, used 438076K [0x0000000080000000, 0x00000000be300000, 0x00000000d5580000)
  object space 1018880K, 42% used [0x0000000080000000,0x000000009abcf110,0x00000000be300000)
 Metaspace       used 108447K, committed 110464K, reserved 1179648K
  class space    used 9957K, committed 10880K, reserved 1048576K
}
Event: 38519.118 GC heap before
{Heap before GC invocations=2369 (full 6):
 PSYoungGen      total 19456K, used 19428K [0x00000000d5580000, 0x00000000d6c80000, 0x0000000100000000)
  eden space 18944K, 100% used [0x00000000d5580000,0x00000000d6800000,0x00000000d6800000)
  from space 512K, 94% used [0x00000000d6c00000,0x00000000d6c79210,0x00000000d6c80000)
  to   space 1024K, 0% used [0x00000000d6a80000,0x00000000d6a80000,0x00000000d6b80000)
 ParOldGen       total 1018880K, used 438076K [0x0000000080000000, 0x00000000be300000, 0x00000000d5580000)
  object space 1018880K, 42% used [0x0000000080000000,0x000000009abcf110,0x00000000be300000)
 Metaspace       used 108472K, committed 110464K, reserved 1179648K
  class space    used 9957K, committed 10880K, reserved 1048576K
}
Event: 38519.120 GC heap after
{Heap after GC invocations=2369 (full 6):
 PSYoungGen      total 19968K, used 160K [0x00000000d5580000, 0x00000000d6c80000, 0x0000000100000000)
  eden space 18944K, 0% used [0x00000000d5580000,0x00000000d5580000,0x00000000d6800000)
  from space 1024K, 15% used [0x00000000d6a80000,0x00000000d6aa8000,0x00000000d6b80000)
  to   space 512K, 0% used [0x00000000d6c00000,0x00000000d6c00000,0x00000000d6c80000)
 ParOldGen       total 1018880K, used 438108K [0x0000000080000000, 0x00000000be300000, 0x00000000d5580000)
  object space 1018880K, 42% used [0x0000000080000000,0x000000009abd7110,0x00000000be300000)
 Metaspace       used 108472K, committed 110464K, reserved 1179648K
  class space    used 9957K, committed 10880K, reserved 1048576K
}
Event: 38600.734 GC heap before
{Heap before GC invocations=2370 (full 6):
 PSYoungGen      total 19968K, used 19104K [0x00000000d5580000, 0x00000000d6c80000, 0x0000000100000000)
  eden space 18944K, 100% used [0x00000000d5580000,0x00000000d6800000,0x00000000d6800000)
  from space 1024K, 15% used [0x00000000d6a80000,0x00000000d6aa8000,0x00000000d6b80000)
  to   space 512K, 0% used [0x00000000d6c00000,0x00000000d6c00000,0x00000000d6c80000)
 ParOldGen       total 1018880K, used 438108K [0x0000000080000000, 0x00000000be300000, 0x00000000d5580000)
  object space 1018880K, 42% used [0x0000000080000000,0x000000009abd7110,0x00000000be300000)
 Metaspace       used 108526K, committed 110592K, reserved 1179648K
  class space    used 9957K, committed 10880K, reserved 1048576K
}
Event: 38600.735 GC heap after
{Heap after GC invocations=2370 (full 6):
 PSYoungGen      total 19456K, used 256K [0x00000000d5580000, 0x00000000d6c80000, 0x0000000100000000)
  eden space 18944K, 0% used [0x00000000d5580000,0x00000000d5580000,0x00000000d6800000)
  from space 512K, 50% used [0x00000000d6c00000,0x00000000d6c40000,0x00000000d6c80000)
  to   space 512K, 0% used [0x00000000d6b80000,0x00000000d6b80000,0x00000000d6c00000)
 ParOldGen       total 1018880K, used 438140K [0x0000000080000000, 0x00000000be300000, 0x00000000d5580000)
  object space 1018880K, 43% used [0x0000000080000000,0x000000009abdf110,0x00000000be300000)
 Metaspace       used 108526K, committed 110592K, reserved 1179648K
  class space    used 9957K, committed 10880K, reserved 1048576K
}
Event: 39148.453 GC heap before
{Heap before GC invocations=2371 (full 6):
 PSYoungGen      total 19456K, used 19200K [0x00000000d5580000, 0x00000000d6c80000, 0x0000000100000000)
  eden space 18944K, 100% used [0x00000000d5580000,0x00000000d6800000,0x00000000d6800000)
  from space 512K, 50% used [0x00000000d6c00000,0x00000000d6c40000,0x00000000d6c80000)
  to   space 512K, 0% used [0x00000000d6b80000,0x00000000d6b80000,0x00000000d6c00000)
 ParOldGen       total 1018880K, used 438140K [0x0000000080000000, 0x00000000be300000, 0x00000000d5580000)
  object space 1018880K, 43% used [0x0000000080000000,0x000000009abdf110,0x00000000be300000)
 Metaspace       used 108615K, committed 110592K, reserved 1179648K
  class space    used 9957K, committed 10880K, reserved 1048576K
}
Event: 39148.454 GC heap after
{Heap after GC invocations=2371 (full 6):
 PSYoungGen      total 19456K, used 368K [0x00000000d5580000, 0x00000000d6c80000, 0x0000000100000000)
  eden space 18944K, 0% used [0x00000000d5580000,0x00000000d5580000,0x00000000d6800000)
  from space 512K, 71% used [0x00000000d6b80000,0x00000000d6bdc010,0x00000000d6c00000)
  to   space 512K, 0% used [0x00000000d6c00000,0x00000000d6c00000,0x00000000d6c80000)
 ParOldGen       total 1018880K, used 438172K [0x0000000080000000, 0x00000000be300000, 0x00000000d5580000)
  object space 1018880K, 43% used [0x0000000080000000,0x000000009abe7110,0x00000000be300000)
 Metaspace       used 108615K, committed 110592K, reserved 1179648K
  class space    used 9957K, committed 10880K, reserved 1048576K
}
Event: 39203.013 GC heap before
{Heap before GC invocations=2372 (full 6):
 PSYoungGen      total 19456K, used 19312K [0x00000000d5580000, 0x00000000d6c80000, 0x0000000100000000)
  eden space 18944K, 100% used [0x00000000d5580000,0x00000000d6800000,0x00000000d6800000)
  from space 512K, 71% used [0x00000000d6b80000,0x00000000d6bdc010,0x00000000d6c00000)
  to   space 512K, 0% used [0x00000000d6c00000,0x00000000d6c00000,0x00000000d6c80000)
 ParOldGen       total 1018880K, used 438172K [0x0000000080000000, 0x00000000be300000, 0x00000000d5580000)
  object space 1018880K, 43% used [0x0000000080000000,0x000000009abe7110,0x00000000be300000)
 Metaspace       used 108645K, committed 110656K, reserved 1179648K
  class space    used 9957K, committed 10880K, reserved 1048576K
}
Event: 39203.014 GC heap after
{Heap after GC invocations=2372 (full 6):
 PSYoungGen      total 19456K, used 224K [0x00000000d5580000, 0x00000000d6c80000, 0x0000000100000000)
  eden space 18944K, 0% used [0x00000000d5580000,0x00000000d5580000,0x00000000d6800000)
  from space 512K, 43% used [0x00000000d6c00000,0x00000000d6c38000,0x00000000d6c80000)
  to   space 512K, 0% used [0x00000000d6b80000,0x00000000d6b80000,0x00000000d6c00000)
 ParOldGen       total 1018880K, used 438204K [0x0000000080000000, 0x00000000be300000, 0x00000000d5580000)
  object space 1018880K, 43% used [0x0000000080000000,0x000000009abef110,0x00000000be300000)
 Metaspace       used 108645K, committed 110656K, reserved 1179648K
  class space    used 9957K, committed 10880K, reserved 1048576K
}

