# JRE version: OpenJDK Runtime Environment Temurin-25+36 (25.0+36) (build 25+36-LTS)
# Java VM: OpenJDK 64-Bit Server VM Temurin-25+36 (25+36-LTS, mixed mode, sharing, tiered, compressed oops, compressed class ptrs, parallel gc, windows-amd64)
GC Precious Log:
 CardTable entry size: 512
 CPUs: 4 total, 4 available
 Memory: 12111M
 Large Page Support: Disabled
 NUMA Support: Disabled
 Compressed Oops: Enabled (32-bit)
 Alignments: Space 512K, Generation 512K, Heap 2M
 Heap Min Capacity: 100M
 Heap Initial Capacity: 100M
 Heap Max Capacity: 2G
 Pre-touch: Disabled
 Parallel Workers: 4
Heap:
 PSYoungGen      total 40960K, used 10716K [0x00000000d5580000, 0x00000000d8380000, 0x0000000100000000)
  eden space 36864K, 18% used [0x00000000d5580000,0x00000000d5c17fc8,0x00000000d7980000)
  from space 4096K, 96% used [0x00000000d7a80000,0x00000000d7e5f2c8,0x00000000d7e80000)
  to   space 5120K, 0% used [0x00000000d7e80000,0x00000000d7e80000,0x00000000d8380000)
 ParOldGen       total 1262592K, used 1262427K [0x0000000080000000, 0x00000000cd100000, 0x00000000d5580000)
  object space 1262592K, 99% used [0x0000000080000000,0x00000000cd0d6db0,0x00000000cd100000)
GC Heap Usage History (20 events):
Event: 170745.803 {heap Before GC invocations=2355 (full 8):
 PSYoungGen      total 31744K, used 31741K [0x00000000d5580000, 0x00000000d8080000, 0x0000000100000000)
  eden space 30720K, 100% used [0x00000000d5580000,0x00000000d7380000,0x00000000d7380000)
  from space 1024K, 99% used [0x00000000d7400000,0x00000000d74ff4a8,0x00000000d7500000)
  to   space 6656K, 0% used [0x00000000d7a00000,0x00000000d7a00000,0x00000000d8080000)
 ParOldGen       total 1240064K, used 1239573K [0x0000000080000000, 0x00000000cbb00000, 0x00000000dEvent: 170745.805 {heap After GC invocations=2355 (full 8):
 PSYoungGen      total 31232K, used 788K [0x00000000d5580000, 0x00000000d7b00000, 0x0000000100000000)
  eden space 30208K, 0% used [0x00000000d5580000,0x00000000d5580000,0x00000000d7300000)
  from space 1024K, 77% used [0x00000000d7a00000,0x00000000d7ac5250,0x00000000d7b00000)
  to   space 2560K, 0% used [0x00000000d7600000,0x00000000d7600000,0x00000000d7880000)
 ParOldGen       total 1240064K, used 1239621K [0x0000000080000000, 0x00000000cbb00000, 0x00000000d55800Event: 170748.445 {heap Before GC invocations=2356 (full 8):
 PSYoungGen      total 31232K, used 30996K [0x00000000d5580000, 0x00000000d7b00000, 0x0000000100000000)
  eden space 30208K, 100% used [0x00000000d5580000,0x00000000d7300000,0x00000000d7300000)
  from space 1024K, 77% used [0x00000000d7a00000,0x00000000d7ac5250,0x00000000d7b00000)
  to   space 2560K, 0% used [0x00000000d7600000,0x00000000d7600000,0x00000000d7880000)
 ParOldGen       total 1240064K, used 1239621K [0x0000000080000000, 0x00000000cbb00000, 0x00000000dEvent: 170748.449 {heap After GC invocations=2356 (full 8):
 PSYoungGen      total 35840K, used 954K [0x00000000d5580000, 0x00000000d7a80000, 0x0000000100000000)
  eden space 33280K, 0% used [0x00000000d5580000,0x00000000d5580000,0x00000000d7600000)
  from space 2560K, 37% used [0x00000000d7600000,0x00000000d76ee920,0x00000000d7880000)
  to   space 1536K, 0% used [0x00000000d7900000,0x00000000d7900000,0x00000000d7a80000)
 ParOldGen       total 1240576K, used 1240334K [0x0000000080000000, 0x00000000cbb80000, 0x00000000d55800Event: 170748.608 {heap Before GC invocations=2357 (full 8):
 PSYoungGen      total 35840K, used 34234K [0x00000000d5580000, 0x00000000d7a80000, 0x0000000100000000)
  eden space 33280K, 100% used [0x00000000d5580000,0x00000000d7600000,0x00000000d7600000)
  from space 2560K, 37% used [0x00000000d7600000,0x00000000d76ee920,0x00000000d7880000)
  to   space 1536K, 0% used [0x00000000d7900000,0x00000000d7900000,0x00000000d7a80000)
 ParOldGen       total 1240576K, used 1240334K [0x0000000080000000, 0x00000000cbb80000, 0x00000000dEvent: 170748.612 {heap After GC invocations=2357 (full 8):
 PSYoungGen      total 32768K, used 1518K [0x00000000d5580000, 0x00000000d7f80000, 0x0000000100000000)
  eden space 31232K, 0% used [0x00000000d5580000,0x00000000d5580000,0x00000000d7400000)
  from space 1536K, 98% used [0x00000000d7900000,0x00000000d7a7ba00,0x00000000d7a80000)
  to   space 5120K, 0% used [0x00000000d7400000,0x00000000d7400000,0x00000000d7900000)
 ParOldGen       total 1243136K, used 1243023K [0x0000000080000000, 0x00000000cbe00000, 0x00000000d5580Event: 170748.719 {heap Before GC invocations=2358 (full 8):
 PSYoungGen      total 32768K, used 26976K [0x00000000d5580000, 0x00000000d7f80000, 0x0000000100000000)
  eden space 31232K, 81% used [0x00000000d5580000,0x00000000d6e5c838,0x00000000d7400000)
  from space 1536K, 98% used [0x00000000d7900000,0x00000000d7a7ba00,0x00000000d7a80000)
  to   space 5120K, 0% used [0x00000000d7400000,0x00000000d7400000,0x00000000d7900000)
 ParOldGen       total 1243136K, used 1243023K [0x0000000080000000, 0x00000000cbe00000, 0x00000000d5Event: 170748.727 {heap After GC invocations=2358 (full 8):
 PSYoungGen      total 35840K, used 5088K [0x00000000d5580000, 0x00000000d9580000, 0x0000000100000000)
  eden space 30720K, 0% used [0x00000000d5580000,0x00000000d5580000,0x00000000d7380000)
  from space 5120K, 99% used [0x00000000d7400000,0x00000000d78f8020,0x00000000d7900000)
  to   space 17408K, 0% used [0x00000000d8480000,0x00000000d8480000,0x00000000d9580000)
 ParOldGen       total 1253376K, used 1252991K [0x0000000080000000, 0x00000000cc800000, 0x00000000d558Event: 170752.265 {heap Before GC invocations=2359 (full 8):
 PSYoungGen      total 35840K, used 35808K [0x00000000d5580000, 0x00000000d9580000, 0x0000000100000000)
  eden space 30720K, 100% used [0x00000000d5580000,0x00000000d7380000,0x00000000d7380000)
  from space 5120K, 99% used [0x00000000d7400000,0x00000000d78f8020,0x00000000d7900000)
  to   space 17408K, 0% used [0x00000000d8480000,0x00000000d8480000,0x00000000d9580000)
 ParOldGen       total 1253376K, used 1252991K [0x0000000080000000, 0x00000000cc800000, 0x00000000Event: 170752.269 {heap After GC invocations=2359 (full 8):
 PSYoungGen      total 31232K, used 628K [0x00000000d5580000, 0x00000000d8580000, 0x0000000100000000)
  eden space 30208K, 0% used [0x00000000d5580000,0x00000000d5580000,0x00000000d7300000)
  from space 1024K, 61% used [0x00000000d8480000,0x00000000d851d220,0x00000000d8580000)
  to   space 6144K, 0% used [0x00000000d7980000,0x00000000d7980000,0x00000000d7f80000)
 ParOldGen       total 1253376K, used 1253128K [0x0000000080000000, 0x00000000cc800000, 0x00000000d55800Event: 170753.081 {heap Before GC invocations=2360 (full 8):
 PSYoungGen      total 31232K, used 30836K [0x00000000d5580000, 0x00000000d8580000, 0x0000000100000000)
  eden space 30208K, 100% used [0x00000000d5580000,0x00000000d7300000,0x00000000d7300000)
  from space 1024K, 61% used [0x00000000d8480000,0x00000000d851d220,0x00000000d8580000)
  to   space 6144K, 0% used [0x00000000d7980000,0x00000000d7980000,0x00000000d7f80000)
 ParOldGen       total 1253376K, used 1253128K [0x0000000080000000, 0x00000000cc800000, 0x00000000dEvent: 170753.085 {heap After GC invocations=2360 (full 8):
 PSYoungGen      total 35840K, used 1561K [0x00000000d5580000, 0x00000000d8500000, 0x0000000100000000)
  eden space 29696K, 0% used [0x00000000d5580000,0x00000000d5580000,0x00000000d7280000)
  from space 6144K, 25% used [0x00000000d7980000,0x00000000d7b06450,0x00000000d7f80000)
  to   space 2560K, 0% used [0x00000000d8280000,0x00000000d8280000,0x00000000d8500000)
 ParOldGen       total 1253888K, used 1253684K [0x0000000080000000, 0x00000000cc880000, 0x00000000d5580Event: 170753.548 {heap Before GC invocations=2361 (full 8):
 PSYoungGen      total 35840K, used 31257K [0x00000000d5580000, 0x00000000d8500000, 0x0000000100000000)
  eden space 29696K, 100% used [0x00000000d5580000,0x00000000d7280000,0x00000000d7280000)
  from space 6144K, 25% used [0x00000000d7980000,0x00000000d7b06450,0x00000000d7f80000)
  to   space 2560K, 0% used [0x00000000d8280000,0x00000000d8280000,0x00000000d8500000)
 ParOldGen       total 1253888K, used 1253684K [0x0000000080000000, 0x00000000cc880000, 0x00000000dEvent: 170753.557 {heap After GC invocations=2361 (full 8):
 PSYoungGen      total 46080K, used 1033K [0x00000000d5580000, 0x00000000d8400000, 0x0000000100000000)
  eden space 44544K, 0% used [0x00000000d5580000,0x00000000d5580000,0x00000000d8100000)
  from space 1536K, 67% used [0x00000000d8280000,0x00000000d8382420,0x00000000d8400000)
  to   space 1536K, 0% used [0x00000000d8100000,0x00000000d8100000,0x00000000d8280000)
 ParOldGen       total 1255424K, used 1255148K [0x0000000080000000, 0x00000000cca00000, 0x00000000d5580Event: 314788.979 {heap Before GC invocations=2362 (full 8):
 PSYoungGen      total 46080K, used 45558K [0x00000000d5580000, 0x00000000d8400000, 0x0000000100000000)
  eden space 44544K, 99% used [0x00000000d5580000,0x00000000d80fb410,0x00000000d8100000)
  from space 1536K, 67% used [0x00000000d8280000,0x00000000d8382420,0x00000000d8400000)
  to   space 1536K, 0% used [0x00000000d8100000,0x00000000d8100000,0x00000000d8280000)
 ParOldGen       total 1255424K, used 1255148K [0x0000000080000000, 0x00000000cca00000, 0x00000000d5Event: 314789.466 {heap After GC invocations=2362 (full 8):
 PSYoungGen      total 44032K, used 160K [0x00000000d5580000, 0x00000000d8300000, 0x0000000100000000)
  eden space 43520K, 0% used [0x00000000d5580000,0x00000000d5580000,0x00000000d8000000)
  from space 512K, 31% used [0x00000000d8100000,0x00000000d8128000,0x00000000d8180000)
  to   space 1024K, 0% used [0x00000000d8200000,0x00000000d8200000,0x00000000d8300000)
 ParOldGen       total 1256448K, used 1255960K [0x0000000080000000, 0x00000000ccb00000, 0x00000000d558000Event: 314809.737 {heap Before GC invocations=2363 (full 8):
 PSYoungGen      total 44032K, used 43680K [0x00000000d5580000, 0x00000000d8300000, 0x0000000100000000)
  eden space 43520K, 100% used [0x00000000d5580000,0x00000000d8000000,0x00000000d8000000)
  from space 512K, 31% used [0x00000000d8100000,0x00000000d8128000,0x00000000d8180000)
  to   space 1024K, 0% used [0x00000000d8200000,0x00000000d8200000,0x00000000d8300000)
 ParOldGen       total 1256448K, used 1255960K [0x0000000080000000, 0x00000000ccb00000, 0x00000000d5Event: 314809.766 {heap After GC invocations=2363 (full 8):
 PSYoungGen      total 38912K, used 1013K [0x00000000d5580000, 0x00000000d8e00000, 0x0000000100000000)
  eden space 37888K, 0% used [0x00000000d5580000,0x00000000d5580000,0x00000000d7a80000)
  from space 1024K, 99% used [0x00000000d8200000,0x00000000d82fd7d0,0x00000000d8300000)
  to   space 7680K, 0% used [0x00000000d7a80000,0x00000000d7a80000,0x00000000d8200000)
 ParOldGen       total 1261568K, used 1261430K [0x0000000080000000, 0x00000000cd000000, 0x00000000d5580Event: 314813.688 {heap Before GC invocations=2364 (full 8):
 PSYoungGen      total 38912K, used 38901K [0x00000000d5580000, 0x00000000d8e00000, 0x0000000100000000)
  eden space 37888K, 99% used [0x00000000d5580000,0x00000000d7a7ffe0,0x00000000d7a80000)
  from space 1024K, 99% used [0x00000000d8200000,0x00000000d82fd7d0,0x00000000d8300000)
  to   space 7680K, 0% used [0x00000000d7a80000,0x00000000d7a80000,0x00000000d8200000)
 ParOldGen       total 1261568K, used 1261430K [0x0000000080000000, 0x00000000cd000000, 0x00000000d5Event: 314813.700 {heap After GC invocations=2364 (full 8):
 PSYoungGen      total 40960K, used 3964K [0x00000000d5580000, 0x00000000d8380000, 0x0000000100000000)
  eden space 36864K, 0% used [0x00000000d5580000,0x00000000d5580000,0x00000000d7980000)
  from space 4096K, 96% used [0x00000000d7a80000,0x00000000d7e5f2c8,0x00000000d7e80000)
  to   space 5120K, 0% used [0x00000000d7e80000,0x00000000d7e80000,0x00000000d8380000)
 ParOldGen       total 1262592K, used 1262427K [0x0000000080000000, 0x00000000cd100000, 0x00000000d5580
Metaspace Usage History (20 events):
Event: 170745.803 {metaspace Before GC invocations=2355 (full 8):
 Metaspace       used 102058K, committed 103744K, reserved 1179648K
  class space    used 8641K, committed 9472K, reserved 1048576K
}
Event: 170745.805 {metaspace After GC invocations=2355 (full 8):
 Metaspace       used 102058K, committed 103744K, reserved 1179648K
  class space    used 8641K, committed 9472K, reserved 1048576K
}
Event: 170748.445 {metaspace Before GC invocations=2356 (full 8):
 Metaspace       used 102058K, committed 103744K, reserved 1179648K
  class space    used 8641K, committed 9472K, reserved 1048576K
}
Event: 170748.449 {metaspace After GC invocations=2356 (full 8):
 Metaspace       used 102058K, committed 103744K, reserved 1179648K
  class space    used 8641K, committed 9472K, reserved 1048576K
}
Event: 170748.608 {metaspace Before GC invocations=2357 (full 8):
 Metaspace       used 102058K, committed 103744K, reserved 1179648K
  class space    used 8641K, committed 9472K, reserved 1048576K
}
Event: 170748.612 {metaspace After GC invocations=2357 (full 8):
 Metaspace       used 102058K, committed 103744K, reserved 1179648K
  class space    used 8641K, committed 9472K, reserved 1048576K
}
Event: 170748.719 {metaspace Before GC invocations=2358 (full 8):
 Metaspace       used 102058K, committed 103744K, reserved 1179648K
  class space    used 8641K, committed 9472K, reserved 1048576K
}
Event: 170748.727 {metaspace After GC invocations=2358 (full 8):
 Metaspace       used 102058K, committed 103744K, reserved 1179648K
  class space    used 8641K, committed 9472K, reserved 1048576K
}
Event: 170752.265 {metaspace Before GC invocations=2359 (full 8):
 Metaspace       used 102058K, committed 103744K, reserved 1179648K
  class space    used 8641K, committed 9472K, reserved 1048576K
}
Event: 170752.269 {metaspace After GC invocations=2359 (full 8):
 Metaspace       used 102058K, committed 103744K, reserved 1179648K
  class space    used 8641K, committed 9472K, reserved 1048576K
}
Event: 170753.081 {metaspace Before GC invocations=2360 (full 8):
 Metaspace       used 102058K, committed 103744K, reserved 1179648K
  class space    used 8641K, committed 9472K, reserved 1048576K
}
Event: 170753.085 {metaspace After GC invocations=2360 (full 8):
 Metaspace       used 102058K, committed 103744K, reserved 1179648K
  class space    used 8641K, committed 9472K, reserved 1048576K
}
Event: 170753.548 {metaspace Before GC invocations=2361 (full 8):
 Metaspace       used 102058K, committed 103744K, reserved 1179648K
  class space    used 8641K, committed 9472K, reserved 1048576K
}
Event: 170753.557 {metaspace After GC invocations=2361 (full 8):
 Metaspace       used 102058K, committed 103744K, reserved 1179648K
  class space    used 8641K, committed 9472K, reserved 1048576K
}
Event: 314788.979 {metaspace Before GC invocations=2362 (full 8):
 Metaspace       used 102110K, committed 103872K, reserved 1179648K
  class space    used 8650K, committed 9472K, reserved 1048576K
}
Event: 314789.466 {metaspace After GC invocations=2362 (full 8):
 Metaspace       used 102110K, committed 103872K, reserved 1179648K
  class space    used 8650K, committed 9472K, reserved 1048576K
}
Event: 314809.737 {metaspace Before GC invocations=2363 (full 8):
 Metaspace       used 102304K, committed 104064K, reserved 1179648K
  class space    used 8680K, committed 9536K, reserved 1048576K
}
Event: 314809.766 {metaspace After GC invocations=2363 (full 8):
 Metaspace       used 102304K, committed 104064K, reserved 1179648K
  class space    used 8680K, committed 9536K, reserved 1048576K
}
Event: 314813.688 {metaspace Before GC invocations=2364 (full 8):
 Metaspace       used 103295K, committed 105536K, reserved 1179648K
  class space    used 8897K, committed 9920K, reserved 1048576K
}
Event: 314813.700 {metaspace After GC invocations=2364 (full 8):
 Metaspace       used 103295K, committed 105536K, reserved 1179648K
  class space    used 8897K, committed 9920K, reserved 1048576K
}

