# JRE version: OpenJDK Runtime Environment Temurin-25+36 (25.0+36) (build 25+36-LTS)
# Java VM: OpenJDK 64-Bit Server VM Temurin-25+36 (25+36-LTS, mixed mode, sharing, tiered, compressed oops, compressed class ptrs, parallel gc, windows-amd64)
GC Precious Log:
 CardTable entry size: 512
 CPUs: 4 total, 4 available
 Memory: 12111M
 Large Page Support: Disabled
 NUMA Support: Disabled
 Compressed Oops: Enabled (32-bit)
 Alignments: Space 512K, Generation 512K, Heap 2M
 Heap Min Capacity: 100M
 Heap Initial Capacity: 100M
 Heap Max Capacity: 2G
 Pre-touch: Disabled
 Parallel Workers: 4
Heap:
 PSYoungGen      total 42496K, used 34599K [0x00000000d5580000, 0x00000000d9180000, 0x0000000100000000)
  eden space 31744K, 75% used [0x00000000d5580000,0x00000000d6d0de50,0x00000000d7480000)
  from space 10752K, 97% used [0x00000000d8700000,0x00000000d913c010,0x00000000d9180000)
  to   space 12288K, 0% used [0x00000000d7980000,0x00000000d7980000,0x00000000d8580000)
 ParOldGen       total 458752K, used 458339K [0x0000000080000000, 0x000000009c000000, 0x00000000d5580000)
  object space 458752K, 99% used [0x0000000080000000,0x000000009bf98ef0,0x000000009c000000)
GC Heap Usage History (20 events):
Event: 368058.873 {heap Before GC invocations=2993 (full 10):
 PSYoungGen      total 34816K, used 34784K [0x00000000d5580000, 0x00000000d7d80000, 0x0000000100000000)
  eden space 34304K, 100% used [0x00000000d5580000,0x00000000d7700000,0x00000000d7700000)
  from space 512K, 93% used [0x00000000d7d00000,0x00000000d7d78020,0x00000000d7d80000)
  to   space 2560K, 0% used [0x00000000d7880000,0x00000000d7880000,0x00000000d7b00000)
 ParOldGen       total 433152K, used 432830K [0x0000000080000000, 0x000000009a700000, 0x00000000d55Event: 368058.876 {heap After GC invocations=2993 (full 10):
 PSYoungGen      total 35840K, used 676K [0x00000000d5580000, 0x00000000d7d80000, 0x0000000100000000)
  eden space 33280K, 0% used [0x00000000d5580000,0x00000000d5580000,0x00000000d7600000)
  from space 2560K, 26% used [0x00000000d7880000,0x00000000d7929210,0x00000000d7b00000)
  to   space 1536K, 0% used [0x00000000d7c00000,0x00000000d7c00000,0x00000000d7d80000)
 ParOldGen       total 433664K, used 433294K [0x0000000080000000, 0x000000009a780000, 0x00000000d558000Event: 368065.909 {heap Before GC invocations=2994 (full 10):
 PSYoungGen      total 35840K, used 33956K [0x00000000d5580000, 0x00000000d7d80000, 0x0000000100000000)
  eden space 33280K, 100% used [0x00000000d5580000,0x00000000d7600000,0x00000000d7600000)
  from space 2560K, 26% used [0x00000000d7880000,0x00000000d7929210,0x00000000d7b00000)
  to   space 1536K, 0% used [0x00000000d7c00000,0x00000000d7c00000,0x00000000d7d80000)
 ParOldGen       total 433664K, used 433294K [0x0000000080000000, 0x000000009a780000, 0x00000000d5Event: 368065.912 {heap After GC invocations=2994 (full 10):
 PSYoungGen      total 33792K, used 928K [0x00000000d5580000, 0x00000000d7d00000, 0x0000000100000000)
  eden space 32768K, 0% used [0x00000000d5580000,0x00000000d5580000,0x00000000d7580000)
  from space 1024K, 90% used [0x00000000d7c00000,0x00000000d7ce8020,0x00000000d7d00000)
  to   space 1024K, 0% used [0x00000000d7b00000,0x00000000d7b00000,0x00000000d7c00000)
 ParOldGen       total 434176K, used 433822K [0x0000000080000000, 0x000000009a800000, 0x00000000d558000Event: 372131.383 {heap Before GC invocations=2995 (full 10):
 PSYoungGen      total 33792K, used 33696K [0x00000000d5580000, 0x00000000d7d00000, 0x0000000100000000)
  eden space 32768K, 100% used [0x00000000d5580000,0x00000000d7580000,0x00000000d7580000)
  from space 1024K, 90% used [0x00000000d7c00000,0x00000000d7ce8020,0x00000000d7d00000)
  to   space 1024K, 0% used [0x00000000d7b00000,0x00000000d7b00000,0x00000000d7c00000)
 ParOldGen       total 434176K, used 433822K [0x0000000080000000, 0x000000009a800000, 0x00000000d5Event: 372131.581 {heap After GC invocations=2995 (full 10):
 PSYoungGen      total 33280K, used 1012K [0x00000000d5580000, 0x00000000d7c80000, 0x0000000100000000)
  eden space 32256K, 0% used [0x00000000d5580000,0x00000000d5580000,0x00000000d7500000)
  from space 1024K, 98% used [0x00000000d7b00000,0x00000000d7bfd220,0x00000000d7c00000)
  to   space 512K, 0% used [0x00000000d7c00000,0x00000000d7c00000,0x00000000d7c80000)
 ParOldGen       total 435200K, used 435129K [0x0000000080000000, 0x000000009a900000, 0x00000000d558000Event: 372132.483 {heap Before GC invocations=2996 (full 10):
 PSYoungGen      total 33280K, used 33268K [0x00000000d5580000, 0x00000000d7c80000, 0x0000000100000000)
  eden space 32256K, 100% used [0x00000000d5580000,0x00000000d7500000,0x00000000d7500000)
  from space 1024K, 98% used [0x00000000d7b00000,0x00000000d7bfd220,0x00000000d7c00000)
  to   space 512K, 0% used [0x00000000d7c00000,0x00000000d7c00000,0x00000000d7c80000)
 ParOldGen       total 435200K, used 435129K [0x0000000080000000, 0x000000009a900000, 0x00000000d55Event: 372132.501 {heap After GC invocations=2996 (full 10):
 PSYoungGen      total 32256K, used 512K [0x00000000d5580000, 0x00000000d7f80000, 0x0000000100000000)
  eden space 31744K, 0% used [0x00000000d5580000,0x00000000d5580000,0x00000000d7480000)
  from space 512K, 100% used [0x00000000d7c00000,0x00000000d7c80000,0x00000000d7c80000)
  to   space 5632K, 0% used [0x00000000d7480000,0x00000000d7480000,0x00000000d7a00000)
 ParOldGen       total 439808K, used 439701K [0x0000000080000000, 0x000000009ad80000, 0x00000000d558000Event: 372133.587 {heap Before GC invocations=2997 (full 10):
 PSYoungGen      total 32256K, used 32256K [0x00000000d5580000, 0x00000000d7f80000, 0x0000000100000000)
  eden space 31744K, 100% used [0x00000000d5580000,0x00000000d7480000,0x00000000d7480000)
  from space 512K, 100% used [0x00000000d7c00000,0x00000000d7c80000,0x00000000d7c80000)
  to   space 5632K, 0% used [0x00000000d7480000,0x00000000d7480000,0x00000000d7a00000)
 ParOldGen       total 439808K, used 439701K [0x0000000080000000, 0x000000009ad80000, 0x00000000d5Event: 372133.602 {heap After GC invocations=2997 (full 10):
 PSYoungGen      total 35328K, used 4066K [0x00000000d5580000, 0x00000000d7d00000, 0x0000000100000000)
  eden space 31232K, 0% used [0x00000000d5580000,0x00000000d5580000,0x00000000d7400000)
  from space 4096K, 99% used [0x00000000d7480000,0x00000000d7878828,0x00000000d7880000)
  to   space 4608K, 0% used [0x00000000d7880000,0x00000000d7880000,0x00000000d7d00000)
 ParOldGen       total 440320K, used 440159K [0x0000000080000000, 0x000000009ae00000, 0x00000000d55800Event: 372133.887 {heap Before GC invocations=2998 (full 10):
 PSYoungGen      total 35328K, used 35240K [0x00000000d5580000, 0x00000000d7d00000, 0x0000000100000000)
  eden space 31232K, 99% used [0x00000000d5580000,0x00000000d73f1b10,0x00000000d7400000)
  from space 4096K, 99% used [0x00000000d7480000,0x00000000d7878828,0x00000000d7880000)
  to   space 4608K, 0% used [0x00000000d7880000,0x00000000d7880000,0x00000000d7d00000)
 ParOldGen       total 440320K, used 440159K [0x0000000080000000, 0x000000009ae00000, 0x00000000d55Event: 372133.902 {heap After GC invocations=2998 (full 10):
 PSYoungGen      total 31232K, used 160K [0x00000000d5580000, 0x00000000d7900000, 0x0000000100000000)
  eden space 30720K, 0% used [0x00000000d5580000,0x00000000d5580000,0x00000000d7380000)
  from space 512K, 31% used [0x00000000d7880000,0x00000000d78a8020,0x00000000d7900000)
  to   space 2048K, 0% used [0x00000000d7500000,0x00000000d7500000,0x00000000d7700000)
 ParOldGen       total 441344K, used 440903K [0x0000000080000000, 0x000000009af00000, 0x00000000d5580000Event: 372138.455 {heap Before GC invocations=2999 (full 10):
 PSYoungGen      total 31232K, used 30880K [0x00000000d5580000, 0x00000000d7900000, 0x0000000100000000)
  eden space 30720K, 100% used [0x00000000d5580000,0x00000000d7380000,0x00000000d7380000)
  from space 512K, 31% used [0x00000000d7880000,0x00000000d78a8020,0x00000000d7900000)
  to   space 2048K, 0% used [0x00000000d7500000,0x00000000d7500000,0x00000000d7700000)
 ParOldGen       total 441344K, used 440903K [0x0000000080000000, 0x000000009af00000, 0x00000000d55Event: 372138.461 {heap After GC invocations=2999 (full 10):
 PSYoungGen      total 32256K, used 2041K [0x00000000d5580000, 0x00000000d7900000, 0x0000000100000000)
  eden space 30208K, 0% used [0x00000000d5580000,0x00000000d5580000,0x00000000d7300000)
  from space 2048K, 99% used [0x00000000d7500000,0x00000000d76fe598,0x00000000d7700000)
  to   space 2048K, 0% used [0x00000000d7700000,0x00000000d7700000,0x00000000d7900000)
 ParOldGen       total 441344K, used 440943K [0x0000000080000000, 0x000000009af00000, 0x00000000d55800Event: 376928.023 {heap Before GC invocations=3000 (full 10):
 PSYoungGen      total 32256K, used 31937K [0x00000000d5580000, 0x00000000d7900000, 0x0000000100000000)
  eden space 30208K, 98% used [0x00000000d5580000,0x00000000d72b1f58,0x00000000d7300000)
  from space 2048K, 99% used [0x00000000d7500000,0x00000000d76fe598,0x00000000d7700000)
  to   space 2048K, 0% used [0x00000000d7700000,0x00000000d7700000,0x00000000d7900000)
 ParOldGen       total 441344K, used 440943K [0x0000000080000000, 0x000000009af00000, 0x00000000d55Event: 376928.143 {heap After GC invocations=3000 (full 10):
 PSYoungGen      total 33280K, used 237K [0x00000000d5580000, 0x00000000d7780000, 0x0000000100000000)
  eden space 32768K, 0% used [0x00000000d5580000,0x00000000d5580000,0x00000000d7580000)
  from space 512K, 46% used [0x00000000d7700000,0x00000000d773b4e8,0x00000000d7780000)
  to   space 1024K, 0% used [0x00000000d7580000,0x00000000d7580000,0x00000000d7680000)
 ParOldGen       total 443392K, used 442988K [0x0000000080000000, 0x000000009b100000, 0x00000000d5580000Event: 376931.617 {heap Before GC invocations=3001 (full 10):
 PSYoungGen      total 33280K, used 33005K [0x00000000d5580000, 0x00000000d7780000, 0x0000000100000000)
  eden space 32768K, 100% used [0x00000000d5580000,0x00000000d7580000,0x00000000d7580000)
  from space 512K, 46% used [0x00000000d7700000,0x00000000d773b4e8,0x00000000d7780000)
  to   space 1024K, 0% used [0x00000000d7580000,0x00000000d7580000,0x00000000d7680000)
 ParOldGen       total 443392K, used 442988K [0x0000000080000000, 0x000000009b100000, 0x00000000d55Event: 376931.634 {heap After GC invocations=3001 (full 10):
 PSYoungGen      total 33280K, used 1024K [0x00000000d5580000, 0x00000000d9900000, 0x0000000100000000)
  eden space 32256K, 0% used [0x00000000d5580000,0x00000000d5580000,0x00000000d7500000)
  from space 1024K, 100% used [0x00000000d7580000,0x00000000d7680000,0x00000000d7680000)
  to   space 18432K, 0% used [0x00000000d8700000,0x00000000d8700000,0x00000000d9900000)
 ParOldGen       total 457728K, used 457355K [0x0000000080000000, 0x000000009bf00000, 0x00000000d558Event: 376935.833 {heap Before GC invocations=3002 (full 10):
 PSYoungGen      total 33280K, used 33276K [0x00000000d5580000, 0x00000000d9900000, 0x0000000100000000)
  eden space 32256K, 99% used [0x00000000d5580000,0x00000000d74ff160,0x00000000d7500000)
  from space 1024K, 100% used [0x00000000d7580000,0x00000000d7680000,0x00000000d7680000)
  to   space 18432K, 0% used [0x00000000d8700000,0x00000000d8700000,0x00000000d9900000)
 ParOldGen       total 457728K, used 457355K [0x0000000080000000, 0x000000009bf00000, 0x00000000dEvent: 376935.854 {heap After GC invocations=3002 (full 10):
 PSYoungGen      total 42496K, used 10480K [0x00000000d5580000, 0x00000000d9180000, 0x0000000100000000)
  eden space 31744K, 0% used [0x00000000d5580000,0x00000000d5580000,0x00000000d7480000)
  from space 10752K, 97% used [0x00000000d8700000,0x00000000d913c010,0x00000000d9180000)
  to   space 12288K, 0% used [0x00000000d7980000,0x00000000d7980000,0x00000000d8580000)
 ParOldGen       total 458752K, used 458339K [0x0000000080000000, 0x000000009c000000, 0x00000000d55
Metaspace Usage History (20 events):
Event: 368058.873 {metaspace Before GC invocations=2993 (full 10):
 Metaspace       used 106682K, committed 108416K, reserved 1179648K
  class space    used 9051K, committed 9856K, reserved 1048576K
}
Event: 368058.876 {metaspace After GC invocations=2993 (full 10):
 Metaspace       used 106682K, committed 108416K, reserved 1179648K
  class space    used 9051K, committed 9856K, reserved 1048576K
}
Event: 368065.909 {metaspace Before GC invocations=2994 (full 10):
 Metaspace       used 106684K, committed 108480K, reserved 1179648K
  class space    used 9051K, committed 9856K, reserved 1048576K
}
Event: 368065.912 {metaspace After GC invocations=2994 (full 10):
 Metaspace       used 106684K, committed 108480K, reserved 1179648K
  class space    used 9051K, committed 9856K, reserved 1048576K
}
Event: 372131.384 {metaspace Before GC invocations=2995 (full 10):
 Metaspace       used 106692K, committed 108480K, reserved 1179648K
  class space    used 9051K, committed 9856K, reserved 1048576K
}
Event: 372131.581 {metaspace After GC invocations=2995 (full 10):
 Metaspace       used 106692K, committed 108480K, reserved 1179648K
  class space    used 9051K, committed 9856K, reserved 1048576K
}
Event: 372132.483 {metaspace Before GC invocations=2996 (full 10):
 Metaspace       used 106692K, committed 108480K, reserved 1179648K
  class space    used 9051K, committed 9856K, reserved 1048576K
}
Event: 372132.501 {metaspace After GC invocations=2996 (full 10):
 Metaspace       used 106692K, committed 108480K, reserved 1179648K
  class space    used 9051K, committed 9856K, reserved 1048576K
}
Event: 372133.587 {metaspace Before GC invocations=2997 (full 10):
 Metaspace       used 106692K, committed 108480K, reserved 1179648K
  class space    used 9051K, committed 9856K, reserved 1048576K
}
Event: 372133.602 {metaspace After GC invocations=2997 (full 10):
 Metaspace       used 106692K, committed 108480K, reserved 1179648K
  class space    used 9051K, committed 9856K, reserved 1048576K
}
Event: 372133.887 {metaspace Before GC invocations=2998 (full 10):
 Metaspace       used 106696K, committed 108480K, reserved 1179648K
  class space    used 9051K, committed 9856K, reserved 1048576K
}
Event: 372133.902 {metaspace After GC invocations=2998 (full 10):
 Metaspace       used 106696K, committed 108480K, reserved 1179648K
  class space    used 9051K, committed 9856K, reserved 1048576K
}
Event: 372138.455 {metaspace Before GC invocations=2999 (full 10):
 Metaspace       used 106703K, committed 108480K, reserved 1179648K
  class space    used 9051K, committed 9856K, reserved 1048576K
}
Event: 372138.462 {metaspace After GC invocations=2999 (full 10):
 Metaspace       used 106703K, committed 108480K, reserved 1179648K
  class space    used 9051K, committed 9856K, reserved 1048576K
}
Event: 376928.024 {metaspace Before GC invocations=3000 (full 10):
 Metaspace       used 106754K, committed 108544K, reserved 1179648K
  class space    used 9061K, committed 9856K, reserved 1048576K
}
Event: 376928.143 {metaspace After GC invocations=3000 (full 10):
 Metaspace       used 106754K, committed 108544K, reserved 1179648K
  class space    used 9061K, committed 9856K, reserved 1048576K
}
Event: 376931.617 {metaspace Before GC invocations=3001 (full 10):
 Metaspace       used 106954K, committed 108800K, reserved 1179648K
  class space    used 9090K, committed 9920K, reserved 1048576K
}
Event: 376931.634 {metaspace After GC invocations=3001 (full 10):
 Metaspace       used 106954K, committed 108800K, reserved 1179648K
  class space    used 9090K, committed 9920K, reserved 1048576K
}
Event: 376935.833 {metaspace Before GC invocations=3002 (full 10):
 Metaspace       used 107591K, committed 109696K, reserved 1179648K
  class space    used 9199K, committed 10112K, reserved 1048576K
}
Event: 376935.854 {metaspace After GC invocations=3002 (full 10):
 Metaspace       used 107591K, committed 109696K, reserved 1179648K
  class space    used 9199K, committed 10112K, reserved 1048576K
}

