# JRE version: OpenJDK Runtime Environment Temurin-25+36 (25.0+36) (build 25+36-LTS)
# Java VM: OpenJDK 64-Bit Server VM Temurin-25+36 (25+36-LTS, mixed mode, emulated-client, sharing, tiered, compressed oops, compressed class ptrs, g1 gc, windows-amd64)
GC Precious Log:
 CardTable entry size: 512
 Card Set container configuration: InlinePtr #cards 4 size 8 Array Of Cards #cards 16 size 48 Howl #buckets 8 coarsen threshold 3686 Howl Bitmap #cards 512 size 80 coarsen threshold 460 Card regions per heap region 1 cards per card region 4096
 CPUs: 4 total, 4 available
 Memory: 12111M
 Large Page Support: Disabled
 NUMA Support: Disabled
 Compressed Oops: Enabled (Zero based)
 Heap Region Size: 2M
 Heap Min Capacity: 8M
 Heap Initial Capacity: 190M
 Heap Max Capacity: 3028M
 Pre-touch: Disabled
 Parallel Workers: 4
 Concurrent Workers: 1
 Concurrent Refinement Workers: 4
 Periodic GC: Disabled
Heap:
 garbage-first heap   total reserved 3100672K, committed 94208K, used 37780K [0x0000000742c00000, 0x0000000800000000)
  region size 2048K, 2 young (4096K), 1 survivors (2048K)
GC Heap Usage History (20 events):
Event: 9329.587 {heap Before GC invocations=125 (full 13):
 garbage-first heap   total reserved 3100672K, committed 94208K, used 84673K [0x0000000742c00000, 0x0000000800000000)
  region size 2048K, 24 young (49152K), 1 survivors (2048K)
}
Event: 9329.588 {heap After GC invocations=126 (full 13):
 garbage-first heap   total reserved 3100672K, committed 94208K, used 37598K [0x0000000742c00000, 0x0000000800000000)
  region size 2048K, 1 young (2048K), 1 survivors (2048K)
}
Event: 9610.430 {heap Before GC invocations=126 (full 13):
 garbage-first heap   total reserved 3100672K, committed 94208K, used 84702K [0x0000000742c00000, 0x0000000800000000)
  region size 2048K, 24 young (49152K), 1 survivors (2048K)
}
Event: 9610.434 {heap After GC invocations=127 (full 13):
 garbage-first heap   total reserved 3100672K, committed 94208K, used 37611K [0x0000000742c00000, 0x0000000800000000)
  region size 2048K, 1 young (2048K), 1 survivors (2048K)
}
Event: 9888.020 {heap Before GC invocations=128 (full 13):
 garbage-first heap   total reserved 3100672K, committed 94208K, used 84715K [0x0000000742c00000, 0x0000000800000000)
  region size 2048K, 24 young (49152K), 1 survivors (2048K)
}
Event: 9888.023 {heap After GC invocations=129 (full 13):
 garbage-first heap   total reserved 3100672K, committed 94208K, used 37612K [0x0000000742c00000, 0x0000000800000000)
  region size 2048K, 1 young (2048K), 1 survivors (2048K)
}
Event: 10165.459 {heap Before GC invocations=129 (full 13):
 garbage-first heap   total reserved 3100672K, committed 94208K, used 84716K [0x0000000742c00000, 0x0000000800000000)
  region size 2048K, 24 young (49152K), 1 survivors (2048K)
}
Event: 10165.460 {heap After GC invocations=130 (full 13):
 garbage-first heap   total reserved 3100672K, committed 94208K, used 37584K [0x0000000742c00000, 0x0000000800000000)
  region size 2048K, 1 young (2048K), 1 survivors (2048K)
}
Event: 10441.291 {heap Before GC invocations=131 (full 13):
 garbage-first heap   total reserved 3100672K, committed 94208K, used 84688K [0x0000000742c00000, 0x0000000800000000)
  region size 2048K, 24 young (49152K), 1 survivors (2048K)
}
Event: 10441.292 {heap After GC invocations=132 (full 13):
 garbage-first heap   total reserved 3100672K, committed 94208K, used 37600K [0x0000000742c00000, 0x0000000800000000)
  region size 2048K, 1 young (2048K), 1 survivors (2048K)
}
Event: 10714.656 {heap Before GC invocations=132 (full 13):
 garbage-first heap   total reserved 3100672K, committed 94208K, used 84704K [0x0000000742c00000, 0x0000000800000000)
  region size 2048K, 24 young (49152K), 1 survivors (2048K)
}
Event: 10714.658 {heap After GC invocations=133 (full 13):
 garbage-first heap   total reserved 3100672K, committed 94208K, used 37609K [0x0000000742c00000, 0x0000000800000000)
  region size 2048K, 1 young (2048K), 1 survivors (2048K)
}
Event: 10995.214 {heap Before GC invocations=134 (full 13):
 garbage-first heap   total reserved 3100672K, committed 94208K, used 84713K [0x0000000742c00000, 0x0000000800000000)
  region size 2048K, 24 young (49152K), 1 survivors (2048K)
}
Event: 10995.216 {heap After GC invocations=135 (full 13):
 garbage-first heap   total reserved 3100672K, committed 94208K, used 37589K [0x0000000742c00000, 0x0000000800000000)
  region size 2048K, 1 young (2048K), 1 survivors (2048K)
}
Event: 11273.403 {heap Before GC invocations=135 (full 13):
 garbage-first heap   total reserved 3100672K, committed 94208K, used 84693K [0x0000000742c00000, 0x0000000800000000)
  region size 2048K, 24 young (49152K), 1 survivors (2048K)
}
Event: 11273.404 {heap After GC invocations=136 (full 13):
 garbage-first heap   total reserved 3100672K, committed 94208K, used 37594K [0x0000000742c00000, 0x0000000800000000)
  region size 2048K, 1 young (2048K), 1 survivors (2048K)
}
Event: 11515.156 {heap Before GC invocations=137 (full 13):
 garbage-first heap   total reserved 3100672K, committed 94208K, used 82650K [0x0000000742c00000, 0x0000000800000000)
  region size 2048K, 24 young (49152K), 1 survivors (2048K)
}
Event: 11515.163 {heap After GC invocations=138 (full 13):
 garbage-first heap   total reserved 3100672K, committed 94208K, used 38203K [0x0000000742c00000, 0x0000000800000000)
  region size 2048K, 1 young (2048K), 1 survivors (2048K)
}
Event: 11790.531 {heap Before GC invocations=138 (full 13):
 garbage-first heap   total reserved 3100672K, committed 94208K, used 85307K [0x0000000742c00000, 0x0000000800000000)
  region size 2048K, 24 young (49152K), 1 survivors (2048K)
}
Event: 11790.534 {heap After GC invocations=139 (full 13):
 garbage-first heap   total reserved 3100672K, committed 94208K, used 37780K [0x0000000742c00000, 0x0000000800000000)
  region size 2048K, 1 young (2048K), 1 survivors (2048K)
}

